#
# There is insufficient memory for the Java Runtime Environment to continue.
# Native memory allocation (malloc) failed to allocate 1672976 bytes for Chunk::new
# Possible reasons:
#   The system is out of physical RAM or swap space
#   The process is running with CompressedOops enabled, and the Java Heap may be blocking the growth of the native heap
# Possible solutions:
#   Reduce memory load on the system
#   Increase physical memory or swap space
#   Check if swap backing store is full
#   Decrease Java heap size (-Xmx/-Xms)
#   Decrease number of Java threads
#   Decrease Java thread stack sizes (-Xss)
#   Set larger code cache with -XX:ReservedCodeCacheSize=
#   JVM is running with Unscaled Compressed Oops mode in which the Java heap is
#     placed in the first 4GB address space. The Java Heap base address is the
#     maximum limit for the native heap growth. Please use -XX:HeapBaseMinAddress
#     to set the Java Heap base and to place the Java Heap above 4GB virtual address.
# This output file may be truncated or incomplete.
#
#  Out of Memory Error (arena.cpp:184), pid=17076, tid=76600
#
# JRE version: Java(TM) SE Runtime Environment (20.0+36) (build 20+36-2344)
# Java VM: Java HotSpot(TM) 64-Bit Server VM (20+36-2344, mixed mode, sharing, tiered, compressed oops, compressed class ptrs, g1 gc, windows-amd64)
# No core dump will be written. Minidumps are not enabled by default on client versions of Windows
#

---------------  S U M M A R Y ------------

Command Line: -Dapplication.home=C:\Program Files\Java\jdk-20 --add-modules=ALL-DEFAULT -Xms8m -Djdk.module.main=jdk.compiler jdk.compiler/com.sun.tools.javac.Main -d C:\Users\rafael.rocha\OneDrive\Documentos\RodosBus\Rodobus - OFICIAL\build\classes -classpath C:\Users\rafael.rocha\OneDrive\Documentos\RodosBus\Rodobus - OFICIAL\build\classes;C:\Users\rafael.rocha\OneDrive\Documentos\RodosBus\mysql-connector-j-8.1.0\mysql-connector-j-8.1.0.jar;C:\Program Files\NetBeans-17\netbeans\java\modules\ext\AbsoluteLayout.jar -sourcepath C:\Users\rafael.rocha\OneDrive\Documentos\RodosBus\Rodobus - OFICIAL\src -target 18 -encoding UTF-8 -g -processorpath C:\Users\thiago.fsantana2\Downloads\mysql-connector-j-8.1.0\mysql-connector-j-8.1.0\mysql-connector-j-8.1.0.jar;C:\Users\igor.aoliveira19\Downloads\mysql-connector-j-8.1.0\mysql-connector-j-8.1.0.jar;C:\Users\rafael.rocha\OneDrive\Área de Trabalho\mysql-connector-j-8.1.0\mysql-connector-j-8.1.0.jar;C:\Users\matheus.rmrocha\Downloads\mysql-connector-j-8.2.0.zip;C:\Users\matheus.rmrocha\Downloads\mysql-connector-j-8.2.0;C:\Users\matheus.rmrocha\Downloads\mysql-connector-j-8.2.0\mysql-connector-j-8.2.0.jar;C:\Users\rafael.rocha\Downloads\mysql-connector-j-8.2.0;C:\Users\rafael.rocha\Downloads\mysql-connector-j-8.2.0\mysql-connector-j-8.2.0.jar;C:\Users\rafael.rocha\OneDrive\Documentos\RodosBus\mysql-connector-j-8.1.0\mysql-connector-j-8.1.0.jar;C:\Program Files\NetBeans-17\netbeans\java\modules\ext\AbsoluteLayout.jar;C:\Users\rafael.rocha\OneDrive\Documentos\RodosBus\Rodobus - OFICIAL\build\empty -s C:\Users\rafael.rocha\OneDrive\Documentos\RodosBus\Rodobus - OFICIAL\build\generated-sources\ap-source-output -source 18 C:\Users\rafael.rocha\OneDrive\Documentos\RodosBus\Rodobus - OFICIAL\src\view\adm\formGerenciar.java

Host: Intel(R) Core(TM) i5-8265U CPU @ 1.60GHz, 8 cores, 7G,  Windows 10 , 64 bit Build 19041 (10.0.19041.3636)
Time: Thu Nov 30 14:04:14 2023 Hora oficial do Brasil elapsed time: 1.356241 seconds (0d 0h 0m 1s)

---------------  T H R E A D  ---------------

Current thread (0x00000166aead5b10):  JavaThread "C2 CompilerThread0" daemon [_thread_in_native, id=76600, stack(0x0000003729c00000,0x0000003729d00000)]


Current CompileTask:
C2:   1356  753   !   4       com.sun.tools.javac.parser.JavaTokenizer::readToken (1731 bytes)

Stack: [0x0000003729c00000,0x0000003729d00000]
Native frames: (J=compiled Java code, j=interpreted, Vv=VM code, C=native code)
V  [jvm.dll+0x6bb95a]
V  [jvm.dll+0x8483aa]
V  [jvm.dll+0x849fa5]
V  [jvm.dll+0x84a6a3]
V  [jvm.dll+0x280b0f]
V  [jvm.dll+0xc2b11]
V  [jvm.dll+0xc2e35]
V  [jvm.dll+0x3bb142]
V  [jvm.dll+0x3857f5]
V  [jvm.dll+0x384c6a]
V  [jvm.dll+0x24b259]
V  [jvm.dll+0x24a651]
V  [jvm.dll+0x1ce491]
V  [jvm.dll+0x259e1b]
V  [jvm.dll+0x2584f0]
V  [jvm.dll+0x3f2895]
V  [jvm.dll+0x7f4906]
V  [jvm.dll+0x6ba5cb]
C  [ucrtbase.dll+0x21bb2]
C  [KERNEL32.DLL+0x17344]
C  [ntdll.dll+0x526b1]


---------------  P R O C E S S  ---------------

Threads class SMR info:
_java_thread_list=0x00000166b33066e0, length=11, elements={
0x000001669216ba70, 0x00000166aeab1810, 0x00000166aeab2610, 0x00000166aeab52d0,
0x00000166aeab6090, 0x00000166aeabba00, 0x00000166aeabcaf0, 0x00000166aead5b10,
0x00000166aeaf68a0, 0x00000166aeabd040, 0x00000166aeabe030
}

Java Threads: ( => current thread )
  0x000001669216ba70 JavaThread "main" [_thread_in_Java, id=87840, stack(0x0000003728e00000,0x0000003728f00000)]
  0x00000166aeab1810 JavaThread "Reference Handler" daemon [_thread_blocked, id=83800, stack(0x0000003729600000,0x0000003729700000)]
  0x00000166aeab2610 JavaThread "Finalizer" daemon [_thread_blocked, id=65544, stack(0x0000003729700000,0x0000003729800000)]
  0x00000166aeab52d0 JavaThread "Signal Dispatcher" daemon [_thread_blocked, id=92072, stack(0x0000003729800000,0x0000003729900000)]
  0x00000166aeab6090 JavaThread "Attach Listener" daemon [_thread_blocked, id=11120, stack(0x0000003729900000,0x0000003729a00000)]
  0x00000166aeabba00 JavaThread "Service Thread" daemon [_thread_blocked, id=46796, stack(0x0000003729a00000,0x0000003729b00000)]
  0x00000166aeabcaf0 JavaThread "Monitor Deflation Thread" daemon [_thread_blocked, id=86256, stack(0x0000003729b00000,0x0000003729c00000)]
=>0x00000166aead5b10 JavaThread "C2 CompilerThread0" daemon [_thread_in_native, id=76600, stack(0x0000003729c00000,0x0000003729d00000)]
  0x00000166aeaf68a0 JavaThread "C1 CompilerThread0" daemon [_thread_blocked, id=71868, stack(0x0000003729d00000,0x0000003729e00000)]
  0x00000166aeabd040 JavaThread "Common-Cleaner" daemon [_thread_blocked, id=66804, stack(0x0000003729e00000,0x0000003729f00000)]
  0x00000166aeabe030 JavaThread "Notification Thread" daemon [_thread_blocked, id=84068, stack(0x0000003729f00000,0x000000372a000000)]

Other Threads:
  0x000001669222ee20 VMThread "VM Thread" [stack: 0x0000003729400000,0x0000003729500000] [id=89556]
  0x00000166b2debfc0 WatcherThread "VM Periodic Task Thread" [stack: 0x000000372a000000,0x000000372a100000] [id=73860]
  0x00000166921cd960 WorkerThread "GC Thread#0" [stack: 0x0000003728f00000,0x0000003729000000] [id=52952]
  0x00000166b2fdea20 WorkerThread "GC Thread#1" [stack: 0x000000372a200000,0x000000372a300000] [id=85160]
  0x00000166b3031f10 WorkerThread "GC Thread#2" [stack: 0x000000372a300000,0x000000372a400000] [id=90024]
  0x00000166b30325f0 WorkerThread "GC Thread#3" [stack: 0x000000372a400000,0x000000372a500000] [id=86964]
  0x00000166b30328c0 WorkerThread "GC Thread#4" [stack: 0x000000372a500000,0x000000372a600000] [id=91280]
  0x00000166b303b1b0 WorkerThread "GC Thread#5" [stack: 0x000000372a600000,0x000000372a700000] [id=84908]
  0x00000166b31c4880 WorkerThread "GC Thread#6" [stack: 0x000000372a700000,0x000000372a800000] [id=86576]
  0x00000166b31c3200 WorkerThread "GC Thread#7" [stack: 0x000000372a800000,0x000000372a900000] [id=81008]
  0x00000166921df5f0 ConcurrentGCThread "G1 Main Marker" [stack: 0x0000003729000000,0x0000003729100000] [id=71640]
  0x00000166921e16e0 WorkerThread "G1 Conc#0" [stack: 0x0000003729100000,0x0000003729200000] [id=86048]
  0x00000166b31c4010 WorkerThread "G1 Conc#1" [stack: 0x000000372a100000,0x000000372a200000] [id=77804]
  0x00000166922121e0 ConcurrentGCThread "G1 Refine#0" [stack: 0x0000003729200000,0x0000003729300000] [id=93068]
  0x0000016692212b90 ConcurrentGCThread "G1 Service" [stack: 0x0000003729300000,0x0000003729400000] [id=50020]

Threads with active compile tasks:
C2 CompilerThread0     1407  753   !   4       com.sun.tools.javac.parser.JavaTokenizer::readToken (1731 bytes)

VM state: not at safepoint (normal execution)

VM Mutex/Monitor currently owned by a thread: None

Heap address: 0x0000000081a00000, size: 2022 MB, Compressed Oops mode: 32-bit

CDS archive(s) mapped at: [0x0000000800000000-0x0000000800c60000-0x0000000800c60000), size 12976128, SharedBaseAddress: 0x0000000800000000, ArchiveRelocationMode: 0.
Compressed class space mapped at: 0x0000000801000000-0x0000000841000000, reserved size: 1073741824
Narrow klass base: 0x0000000800000000, Narrow klass shift: 0, Narrow klass range: 0x100000000

GC Precious Log:
 CardTable entry size: 512
 Card Set container configuration: InlinePtr #cards 5 size 8 Array Of Cards #cards 12 size 40 Howl #buckets 4 coarsen threshold 1843 Howl Bitmap #cards 512 size 80 coarsen threshold 460 Card regions per heap region 1 cards per card region 2048
 CPUs: 8 total, 8 available
 Memory: 8084M
 Large Page Support: Disabled
 NUMA Support: Disabled
 Compressed Oops: Enabled (32-bit)
 Heap Region Size: 1M
 Heap Min Capacity: 8M
 Heap Initial Capacity: 8M
 Heap Max Capacity: 2022M
 Pre-touch: Disabled
 Parallel Workers: 8
 Concurrent Workers: 2
 Concurrent Refinement Workers: 8
 Periodic GC: Disabled

Heap:
 garbage-first heap   total 14336K, used 6322K [0x0000000081a00000, 0x0000000100000000)
  region size 1024K, 2 young (2048K), 1 survivors (1024K)
 Metaspace       used 9237K, committed 9408K, reserved 1114112K
  class space    used 1017K, committed 1088K, reserved 1048576K

Heap Regions: E=young(eden), S=young(survivor), O=old, HS=humongous(starts), HC=humongous(continues), CS=collection set, F=free, OA=open archive, CA=closed archive, TAMS=top-at-mark-start, PB=parsable bottom
|   0|0x0000000081a00000, 0x0000000081b00000, 0x0000000081b00000|100%| O|  |TAMS 0x0000000081a00000| PB 0x0000000081a00000| Untracked 
|   1|0x0000000081b00000, 0x0000000081c00000, 0x0000000081c00000|100%| O|  |TAMS 0x0000000081b00000| PB 0x0000000081b00000| Untracked 
|   2|0x0000000081c00000, 0x0000000081c00000, 0x0000000081d00000|  0%| F|  |TAMS 0x0000000081c00000| PB 0x0000000081c00000| Untracked 
|   3|0x0000000081d00000, 0x0000000081e00000, 0x0000000081e00000|100%| O|  |TAMS 0x0000000081d00000| PB 0x0000000081d00000| Untracked 
|   4|0x0000000081e00000, 0x0000000081f00000, 0x0000000081f00000|100%| O|  |TAMS 0x0000000081e00000| PB 0x0000000081e00000| Untracked 
|   5|0x0000000081f00000, 0x0000000082000000, 0x0000000082000000|100%| O|  |TAMS 0x0000000081f00000| PB 0x0000000081f00000| Untracked 
|   6|0x0000000082000000, 0x0000000082037400, 0x0000000082100000| 21%| O|  |TAMS 0x0000000082000000| PB 0x0000000082000000| Untracked 
|   7|0x0000000082100000, 0x0000000082100000, 0x0000000082200000|  0%| F|  |TAMS 0x0000000082100000| PB 0x0000000082100000| Untracked 
|   8|0x0000000082200000, 0x0000000082200000, 0x0000000082300000|  0%| F|  |TAMS 0x0000000082200000| PB 0x0000000082200000| Untracked 
|   9|0x0000000082300000, 0x00000000823f55a0, 0x0000000082400000| 95%| S|CS|TAMS 0x0000000082300000| PB 0x0000000082300000| Complete 
|  10|0x0000000082400000, 0x0000000082400000, 0x0000000082500000|  0%| F|  |TAMS 0x0000000082400000| PB 0x0000000082400000| Untracked 
|  11|0x0000000082500000, 0x0000000082500000, 0x0000000082600000|  0%| F|  |TAMS 0x0000000082500000| PB 0x0000000082500000| Untracked 
|  12|0x0000000082600000, 0x0000000082600000, 0x0000000082700000|  0%| F|  |TAMS 0x0000000082600000| PB 0x0000000082600000| Untracked 
|  13|0x0000000082700000, 0x00000000827b5f28, 0x0000000082800000| 71%| E|  |TAMS 0x0000000082700000| PB 0x0000000082700000| Complete 

Card table byte_map: [0x00000166a9960000,0x00000166a9d60000] _byte_map_base: 0x00000166a9553000

Marking Bits: (CMBitMap*) 0x00000166921ceeb0
 Bits: [0x00000166aa160000, 0x00000166ac0f8000)

Polling page: 0x0000016690300000

Metaspace:

Usage:
  Non-class:      8.03 MB used.
      Class:   1017.42 KB used.
       Both:      9.02 MB used.

Virtual space:
  Non-class space:       64.00 MB reserved,       8.12 MB ( 13%) committed,  1 nodes.
      Class space:        1.00 GB reserved,       1.06 MB ( <1%) committed,  1 nodes.
             Both:        1.06 GB reserved,       9.19 MB ( <1%) committed. 

Chunk freelists:
   Non-Class:  1.86 MB
       Class:  2.91 MB
        Both:  4.76 MB

MaxMetaspaceSize: unlimited
CompressedClassSpaceSize: 1.00 GB
Initial GC threshold: 21.00 MB
Current GC threshold: 21.00 MB
CDS: on
MetaspaceReclaimPolicy: balanced
 - commit_granule_bytes: 65536.
 - commit_granule_words: 8192.
 - virtual_space_node_default_size: 8388608.
 - enlarge_chunks_in_place: 1.
 - new_chunks_are_fully_committed: 0.
 - uncommit_free_chunks: 1.
 - use_allocation_guard: 0.


Internal statistics:

num_allocs_failed_limit: 0.
num_arena_births: 68.
num_arena_deaths: 0.
num_vsnodes_births: 2.
num_vsnodes_deaths: 0.
num_space_committed: 147.
num_space_uncommitted: 0.
num_chunks_returned_to_freelist: 0.
num_chunks_taken_from_freelist: 355.
num_chunk_merges: 0.
num_chunk_splits: 264.
num_chunks_enlarged: 214.
num_inconsistent_stats: 0.

CodeHeap 'non-profiled nmethods': size=120000Kb used=318Kb max_used=318Kb free=119681Kb
 bounds [0x00000166a1d00000, 0x00000166a1f70000, 0x00000166a9230000]
CodeHeap 'profiled nmethods': size=120000Kb used=2631Kb max_used=2631Kb free=117368Kb
 bounds [0x000001669a230000, 0x000001669a4d0000, 0x00000166a1760000]
CodeHeap 'non-nmethods': size=5760Kb used=1409Kb max_used=1425Kb free=4350Kb
 bounds [0x00000166a1760000, 0x00000166a19d0000, 0x00000166a1d00000]
 total_blobs=1906 nmethods=1454 adapters=363
 compilation: enabled
              stopped_count=0, restarted_count=0
 full_count=0

Compilation events (20 events):
Event: 1.334 Thread 0x00000166aeaf68a0 nmethod 1401 0x000001669a492d10 code [0x000001669a492ec0, 0x000001669a493198]
Event: 1.334 Thread 0x00000166aeaf68a0 1402       2       java.util.ArrayList::<init> (61 bytes)
Event: 1.334 Thread 0x00000166aeaf68a0 nmethod 1402 0x000001669a493310 code [0x000001669a493500, 0x000001669a4939d8]
Event: 1.334 Thread 0x00000166aeaf68a0 1403       3       java.util.regex.Pattern$Node::study (21 bytes)
Event: 1.335 Thread 0x00000166aeaf68a0 nmethod 1403 0x000001669a493b90 code [0x000001669a493d40, 0x000001669a493f88]
Event: 1.335 Thread 0x00000166aeaf68a0 1400   !   2       java.util.regex.Pattern::<init> (144 bytes)
Event: 1.336 Thread 0x00000166aeaf68a0 nmethod 1400 0x000001669a494090 code [0x000001669a4942e0, 0x000001669a494a98]
Event: 1.336 Thread 0x00000166aeaf68a0 1405       2       com.sun.tools.javac.code.ClassFinder$1::hasNext (113 bytes)
Event: 1.336 Thread 0x00000166aeaf68a0 nmethod 1405 0x000001669a494e10 code [0x000001669a495000, 0x000001669a4953b8]
Event: 1.336 Thread 0x00000166aeaf68a0 1406       2       com.sun.tools.javac.file.JavacFileManager::inferBinaryName (59 bytes)
Event: 1.337 Thread 0x00000166aeaf68a0 nmethod 1406 0x000001669a495590 code [0x000001669a4957a0, 0x000001669a495cc8]
Event: 1.337 Thread 0x00000166aeaf68a0 1407       2       com.sun.tools.javac.file.PathFileObject$DirectoryFileObject::inferBinaryName (8 bytes)
Event: 1.337 Thread 0x00000166aeaf68a0 nmethod 1407 0x000001669a496010 code [0x000001669a4961c0, 0x000001669a4963a0]
Event: 1.337 Thread 0x00000166aeaf68a0 1410       2       javax.lang.model.SourceVersion::isIdentifier (71 bytes)
Event: 1.338 Thread 0x00000166aeaf68a0 nmethod 1410 0x000001669a496590 code [0x000001669a496780, 0x000001669a496ad8]
Event: 1.338 Thread 0x00000166aeaf68a0 1412   !   2       java.util.regex.Pattern::RemoveQEQuoting (370 bytes)
Event: 1.340 Thread 0x00000166aeaf68a0 nmethod 1412 0x000001669a496d10 code [0x000001669a496f40, 0x000001669a4979b0]
Event: 1.340 Thread 0x00000166aeaf68a0 1414       3       java.util.ArrayList$Itr::hasNext (20 bytes)
Event: 1.340 Thread 0x00000166aeaf68a0 nmethod 1414 0x000001669a497f10 code [0x000001669a4980a0, 0x000001669a498218]
Event: 1.340 Thread 0x00000166aeaf68a0 1420   !   3       java.util.regex.Pattern::closure (276 bytes)

GC Heap History (20 events):
Event: 0.323 GC heap before
{Heap before GC invocations=0 (full 0):
 garbage-first heap   total 8192K, used 3072K [0x0000000081a00000, 0x0000000100000000)
  region size 1024K, 3 young (3072K), 0 survivors (0K)
 Metaspace       used 2308K, committed 2432K, reserved 1114112K
  class space    used 260K, committed 320K, reserved 1048576K
}
Event: 0.327 GC heap after
{Heap after GC invocations=1 (full 0):
 garbage-first heap   total 8192K, used 1312K [0x0000000081a00000, 0x0000000100000000)
  region size 1024K, 1 young (1024K), 1 survivors (1024K)
 Metaspace       used 2308K, committed 2432K, reserved 1114112K
  class space    used 260K, committed 320K, reserved 1048576K
}
Event: 0.411 GC heap before
{Heap before GC invocations=1 (full 0):
 garbage-first heap   total 8192K, used 2336K [0x0000000081a00000, 0x0000000100000000)
  region size 1024K, 2 young (2048K), 1 survivors (1024K)
 Metaspace       used 3728K, committed 3968K, reserved 1114112K
  class space    used 447K, committed 576K, reserved 1048576K
}
Event: 0.415 GC heap after
{Heap after GC invocations=2 (full 0):
 garbage-first heap   total 8192K, used 1928K [0x0000000081a00000, 0x0000000100000000)
  region size 1024K, 1 young (1024K), 1 survivors (1024K)
 Metaspace       used 3728K, committed 3968K, reserved 1114112K
  class space    used 447K, committed 576K, reserved 1048576K
}
Event: 0.528 GC heap before
{Heap before GC invocations=2 (full 0):
 garbage-first heap   total 8192K, used 2952K [0x0000000081a00000, 0x0000000100000000)
  region size 1024K, 2 young (2048K), 1 survivors (1024K)
 Metaspace       used 6053K, committed 6208K, reserved 1114112K
  class space    used 702K, committed 768K, reserved 1048576K
}
Event: 0.530 GC heap after
{Heap after GC invocations=3 (full 0):
 garbage-first heap   total 8192K, used 2292K [0x0000000081a00000, 0x0000000100000000)
  region size 1024K, 1 young (1024K), 1 survivors (1024K)
 Metaspace       used 6053K, committed 6208K, reserved 1114112K
  class space    used 702K, committed 768K, reserved 1048576K
}
Event: 0.632 GC heap before
{Heap before GC invocations=3 (full 0):
 garbage-first heap   total 8192K, used 2292K [0x0000000081a00000, 0x0000000100000000)
  region size 1024K, 2 young (2048K), 1 survivors (1024K)
 Metaspace       used 7292K, committed 7488K, reserved 1114112K
  class space    used 848K, committed 896K, reserved 1048576K
}
Event: 0.635 GC heap after
{Heap after GC invocations=4 (full 0):
 garbage-first heap   total 8192K, used 2739K [0x0000000081a00000, 0x0000000100000000)
  region size 1024K, 1 young (1024K), 1 survivors (1024K)
 Metaspace       used 7292K, committed 7488K, reserved 1114112K
  class space    used 848K, committed 896K, reserved 1048576K
}
Event: 0.740 GC heap before
{Heap before GC invocations=4 (full 0):
 garbage-first heap   total 8192K, used 3763K [0x0000000081a00000, 0x0000000100000000)
  region size 1024K, 2 young (2048K), 1 survivors (1024K)
 Metaspace       used 7876K, committed 8064K, reserved 1114112K
  class space    used 871K, committed 960K, reserved 1048576K
}
Event: 0.744 GC heap after
{Heap after GC invocations=5 (full 0):
 garbage-first heap   total 10240K, used 3174K [0x0000000081a00000, 0x0000000100000000)
  region size 1024K, 1 young (1024K), 1 survivors (1024K)
 Metaspace       used 7876K, committed 8064K, reserved 1114112K
  class space    used 871K, committed 960K, reserved 1048576K
}
Event: 0.827 GC heap before
{Heap before GC invocations=5 (full 0):
 garbage-first heap   total 10240K, used 5222K [0x0000000081a00000, 0x0000000100000000)
  region size 1024K, 3 young (3072K), 1 survivors (1024K)
 Metaspace       used 7923K, committed 8064K, reserved 1114112K
  class space    used 873K, committed 960K, reserved 1048576K
}
Event: 0.831 GC heap after
{Heap after GC invocations=6 (full 0):
 garbage-first heap   total 10240K, used 3566K [0x0000000081a00000, 0x0000000100000000)
  region size 1024K, 1 young (1024K), 1 survivors (1024K)
 Metaspace       used 7923K, committed 8064K, reserved 1114112K
  class space    used 873K, committed 960K, reserved 1048576K
}
Event: 1.014 GC heap before
{Heap before GC invocations=6 (full 0):
 garbage-first heap   total 10240K, used 5614K [0x0000000081a00000, 0x0000000100000000)
  region size 1024K, 3 young (3072K), 1 survivors (1024K)
 Metaspace       used 8220K, committed 8448K, reserved 1114112K
  class space    used 899K, committed 1024K, reserved 1048576K
}
Event: 1.020 GC heap after
{Heap after GC invocations=7 (full 0):
 garbage-first heap   total 10240K, used 4209K [0x0000000081a00000, 0x0000000100000000)
  region size 1024K, 1 young (1024K), 1 survivors (1024K)
 Metaspace       used 8220K, committed 8448K, reserved 1114112K
  class space    used 899K, committed 1024K, reserved 1048576K
}
Event: 1.160 GC heap before
{Heap before GC invocations=7 (full 0):
 garbage-first heap   total 10240K, used 6257K [0x0000000081a00000, 0x0000000100000000)
  region size 1024K, 3 young (3072K), 1 survivors (1024K)
 Metaspace       used 8771K, committed 8896K, reserved 1114112K
  class space    used 968K, committed 1024K, reserved 1048576K
}
Event: 1.166 GC heap after
{Heap after GC invocations=8 (full 0):
 garbage-first heap   total 10240K, used 5225K [0x0000000081a00000, 0x0000000100000000)
  region size 1024K, 1 young (1024K), 1 survivors (1024K)
 Metaspace       used 8771K, committed 8896K, reserved 1114112K
  class space    used 968K, committed 1024K, reserved 1048576K
}
Event: 1.242 GC heap before
{Heap before GC invocations=8 (full 0):
 garbage-first heap   total 10240K, used 6249K [0x0000000081a00000, 0x0000000100000000)
  region size 1024K, 2 young (2048K), 1 survivors (1024K)
 Metaspace       used 9002K, committed 9216K, reserved 1114112K
  class space    used 991K, committed 1088K, reserved 1048576K
}
Event: 1.246 GC heap after
{Heap after GC invocations=9 (full 0):
 garbage-first heap   total 14336K, used 5713K [0x0000000081a00000, 0x0000000100000000)
  region size 1024K, 1 young (1024K), 1 survivors (1024K)
 Metaspace       used 9002K, committed 9216K, reserved 1114112K
  class space    used 991K, committed 1088K, reserved 1048576K
}
Event: 1.325 GC heap before
{Heap before GC invocations=10 (full 0):
 garbage-first heap   total 14336K, used 8785K [0x0000000081a00000, 0x0000000100000000)
  region size 1024K, 4 young (4096K), 1 survivors (1024K)
 Metaspace       used 9121K, committed 9344K, reserved 1114112K
  class space    used 1005K, committed 1088K, reserved 1048576K
}
Event: 1.327 GC heap after
{Heap after GC invocations=11 (full 0):
 garbage-first heap   total 14336K, used 5964K [0x0000000081a00000, 0x0000000100000000)
  region size 1024K, 1 young (1024K), 1 survivors (1024K)
 Metaspace       used 9121K, committed 9344K, reserved 1114112K
  class space    used 1005K, committed 1088K, reserved 1048576K
}

Dll operation events (6 events):
Event: 0.028 Loaded shared library C:\Program Files\Java\jdk-20\bin\java.dll
Event: 0.043 Loaded shared library C:\Program Files\Java\jdk-20\bin\jsvml.dll
Event: 0.141 Loaded shared library C:\Program Files\Java\jdk-20\bin\jimage.dll
Event: 0.247 Loaded shared library C:\Program Files\Java\jdk-20\bin\net.dll
Event: 0.250 Loaded shared library C:\Program Files\Java\jdk-20\bin\nio.dll
Event: 0.298 Loaded shared library C:\Program Files\Java\jdk-20\bin\zip.dll

Deoptimization events (20 events):
Event: 0.822 Thread 0x000001669216ba70 Uncommon trap: trap_request=0xffffff45 fr.pc=0x00000166a1d363e4 relative=0x00000000000000e4
Event: 0.822 Thread 0x000001669216ba70 Uncommon trap: reason=unstable_if action=reinterpret pc=0x00000166a1d363e4 method=com.sun.tools.javac.parser.UnicodeReader.nextUnicodeInputCharacter()V @ 28 c2
Event: 0.822 Thread 0x000001669216ba70 DEOPT PACKING pc=0x00000166a1d363e4 sp=0x0000003728efde20
Event: 0.822 Thread 0x000001669216ba70 DEOPT UNPACKING pc=0x00000166a17c9d22 sp=0x0000003728efddc8 mode 2
Event: 1.118 Thread 0x000001669216ba70 DEOPT PACKING pc=0x000001669a40cd34 sp=0x0000003728efe2c0
Event: 1.118 Thread 0x000001669216ba70 DEOPT UNPACKING pc=0x00000166a17ca4c2 sp=0x0000003728efd740 mode 0
Event: 1.118 Thread 0x000001669216ba70 DEOPT PACKING pc=0x000001669a40c1cf sp=0x0000003728efe320
Event: 1.118 Thread 0x000001669216ba70 DEOPT UNPACKING pc=0x00000166a17ca4c2 sp=0x0000003728efd7a8 mode 0
Event: 1.119 Thread 0x000001669216ba70 DEOPT PACKING pc=0x000001669a40cd34 sp=0x0000003728efe2c0
Event: 1.119 Thread 0x000001669216ba70 DEOPT UNPACKING pc=0x00000166a17ca4c2 sp=0x0000003728efd740 mode 0
Event: 1.119 Thread 0x000001669216ba70 DEOPT PACKING pc=0x000001669a40c7a8 sp=0x0000003728efe3a0
Event: 1.119 Thread 0x000001669216ba70 DEOPT UNPACKING pc=0x00000166a17ca4c2 sp=0x0000003728efd848 mode 0
Event: 1.208 Thread 0x000001669216ba70 DEOPT PACKING pc=0x000001669a4322fd sp=0x0000003728efe170
Event: 1.208 Thread 0x000001669216ba70 DEOPT UNPACKING pc=0x00000166a17ca4c2 sp=0x0000003728efd608 mode 0
Event: 1.291 Thread 0x000001669216ba70 DEOPT PACKING pc=0x000001669a3d2f79 sp=0x0000003728efe020
Event: 1.291 Thread 0x000001669216ba70 DEOPT UNPACKING pc=0x00000166a17ca4c2 sp=0x0000003728efd4e0 mode 0
Event: 1.292 Thread 0x000001669216ba70 DEOPT PACKING pc=0x000001669a3d3640 sp=0x0000003728efdfb0
Event: 1.292 Thread 0x000001669216ba70 DEOPT UNPACKING pc=0x00000166a17ca4c2 sp=0x0000003728efd458 mode 0
Event: 1.304 Thread 0x000001669216ba70 DEOPT PACKING pc=0x000001669a3da278 sp=0x0000003728efe260
Event: 1.304 Thread 0x000001669216ba70 DEOPT UNPACKING pc=0x00000166a17ca4c2 sp=0x0000003728efd6b0 mode 0

Classes loaded (20 events):
Event: 1.180 Loading class sun/nio/fs/BasicFileAttributesHolder
Event: 1.181 Loading class sun/nio/fs/BasicFileAttributesHolder done
Event: 1.223 Loading class java/util/ComparableTimSort
Event: 1.223 Loading class java/util/ComparableTimSort done
Event: 1.226 Loading class sun/nio/fs/WindowsDirectoryStream
Event: 1.226 Loading class sun/nio/fs/WindowsDirectoryStream done
Event: 1.226 Loading class sun/nio/fs/WindowsDirectoryStream$WindowsDirectoryIterator
Event: 1.226 Loading class sun/nio/fs/WindowsDirectoryStream$WindowsDirectoryIterator done
Event: 1.227 Loading class java/nio/file/Files$2
Event: 1.227 Loading class java/nio/file/Files$2 done
Event: 1.227 Loading class java/util/ImmutableCollections$Access
Event: 1.227 Loading class java/util/ImmutableCollections$Access done
Event: 1.227 Loading class java/util/ImmutableCollections$Access$1
Event: 1.228 Loading class jdk/internal/access/JavaUtilCollectionAccess
Event: 1.228 Loading class jdk/internal/access/JavaUtilCollectionAccess done
Event: 1.228 Loading class java/util/ImmutableCollections$Access$1 done
Event: 1.228 Loading class java/util/stream/Nodes$SpinedNodeBuilder
Event: 1.228 Loading class java/util/stream/Nodes$SpinedNodeBuilder done
Event: 1.229 Loading class sun/nio/fs/WindowsPath$WindowsPathWithAttributes
Event: 1.229 Loading class sun/nio/fs/WindowsPath$WindowsPathWithAttributes done

Classes unloaded (0 events):
No events

Classes redefined (0 events):
No events

Internal exceptions (20 events):
Event: 0.305 Thread 0x000001669216ba70 Exception <a 'sun/nio/fs/WindowsException'{0x0000000081fad1e0}> (0x0000000081fad1e0) 
thrown [s\open\src\hotspot\share\prims\jni.cpp, line 519]
Event: 0.306 Thread 0x000001669216ba70 Exception <a 'sun/nio/fs/WindowsException'{0x0000000081fad620}> (0x0000000081fad620) 
thrown [s\open\src\hotspot\share\prims\jni.cpp, line 519]
Event: 0.306 Thread 0x000001669216ba70 Exception <a 'sun/nio/fs/WindowsException'{0x0000000081fadbe0}> (0x0000000081fadbe0) 
thrown [s\open\src\hotspot\share\prims\jni.cpp, line 519]
Event: 0.306 Thread 0x000001669216ba70 Exception <a 'sun/nio/fs/WindowsException'{0x0000000081fae030}> (0x0000000081fae030) 
thrown [s\open\src\hotspot\share\prims\jni.cpp, line 519]
Event: 0.306 Thread 0x000001669216ba70 Exception <a 'sun/nio/fs/WindowsException'{0x0000000081fae460}> (0x0000000081fae460) 
thrown [s\open\src\hotspot\share\prims\jni.cpp, line 519]
Event: 0.306 Thread 0x000001669216ba70 Exception <a 'sun/nio/fs/WindowsException'{0x0000000081fae8a8}> (0x0000000081fae8a8) 
thrown [s\open\src\hotspot\share\prims\jni.cpp, line 519]
Event: 0.309 Thread 0x000001669216ba70 Exception <a 'sun/nio/fs/WindowsException'{0x0000000081fb0f48}> (0x0000000081fb0f48) 
thrown [s\open\src\hotspot\share\prims\jni.cpp, line 519]
Event: 0.328 Thread 0x000001669216ba70 Exception <a 'java/lang/NoSuchMethodError'{0x00000000821015d0}: 'int java.lang.invoke.DirectMethodHandle$Holder.invokeVirtual(java.lang.Object, java.lang.Object, java.lang.Object)'> (0x00000000821015d0) 
thrown [s\open\src\hotspot\share\interpreter\linkResolver.cpp, line 773]
Event: 0.330 Thread 0x000001669216ba70 Exception <a 'java/lang/NoSuchMethodError'{0x0000000082107908}: 'void java.lang.invoke.DirectMethodHandle$Holder.invokeInterface(java.lang.Object, java.lang.Object, java.lang.Object)'> (0x0000000082107908) 
thrown [s\open\src\hotspot\share\interpreter\linkResolver.cpp, line 773]
Event: 0.442 Thread 0x000001669216ba70 Exception <a 'java/lang/NoSuchMethodError'{0x0000000082127380}: 'int java.lang.invoke.DirectMethodHandle$Holder.invokeStaticInit(java.lang.Object, java.lang.Object)'> (0x0000000082127380) 
thrown [s\open\src\hotspot\share\interpreter\linkResolver.cpp, line 773]
Event: 0.516 Thread 0x000001669216ba70 Exception <a 'java/lang/NoSuchMethodError'{0x00000000821bf540}: 'int java.lang.invoke.DirectMethodHandle$Holder.invokeVirtual(java.lang.Object, java.lang.Object)'> (0x00000000821bf540) 
thrown [s\open\src\hotspot\share\interpreter\linkResolver.cpp, line 773]
Event: 0.524 Thread 0x000001669216ba70 Exception <a 'java/lang/NoSuchMethodError'{0x00000000821e78c8}: 'java.lang.Object java.lang.invoke.DirectMethodHandle$Holder.newInvokeSpecial(java.lang.Object, java.lang.Object, java.lang.Object, java.lang.Object, java.lang.Object)'> (0x00000000821e78c8) 
thrown [s\open\src\hotspot\share\interpreter\linkResolver.cpp, line 773]
Event: 0.526 Thread 0x000001669216ba70 Exception <a 'java/lang/NoSuchMethodError'{0x00000000821f6028}: 'java.lang.Object java.lang.invoke.DirectMethodHandle$Holder.newInvokeSpecial(java.lang.Object, java.lang.Object, java.lang.Object, java.lang.Object, java.lang.Object, java.lang.Object)'> (0x00000000821f6028) 
thrown [s\open\src\hotspot\share\interpreter\linkResolver.cpp, line 773]
Event: 0.556 Thread 0x000001669216ba70 Exception <a 'sun/nio/fs/WindowsException'{0x00000000821438a0}> (0x00000000821438a0) 
thrown [s\open\src\hotspot\share\prims\jni.cpp, line 519]
Event: 0.946 Thread 0x000001669216ba70 Exception <a 'sun/nio/fs/WindowsException'{0x00000000823e9140}> (0x00000000823e9140) 
thrown [s\open\src\hotspot\share\prims\jni.cpp, line 519]
Event: 0.946 Thread 0x000001669216ba70 Exception <a 'sun/nio/fs/WindowsException'{0x00000000823e9b08}> (0x00000000823e9b08) 
thrown [s\open\src\hotspot\share\prims\jni.cpp, line 519]
Event: 1.001 Thread 0x000001669216ba70 Exception <a 'java/lang/NoSuchMethodError'{0x00000000822f5b40}: 'java.lang.Object java.lang.invoke.DirectMethodHandle$Holder.invokeVirtual(java.lang.Object, java.lang.Object, java.lang.Object, int, int)'> (0x00000000822f5b40) 
thrown [s\open\src\hotspot\share\interpreter\linkResolver.cpp, line 773]
Event: 1.003 Thread 0x000001669216ba70 Exception <a 'java/lang/NoSuchMethodError'{0x00000000822fd078}: 'java.lang.Object java.lang.invoke.DirectMethodHandle$Holder.invokeVirtual(java.lang.Object, java.lang.Object, int)'> (0x00000000822fd078) 
thrown [s\open\src\hotspot\share\interpreter\linkResolver.cpp, line 773]
Event: 1.034 Thread 0x000001669216ba70 Exception <a 'java/lang/NoSuchMethodError'{0x000000008231cd10}: 'java.lang.Object java.lang.invoke.DirectMethodHandle$Holder.invokeSpecial(java.lang.Object, java.lang.Object, java.lang.Object, int, int)'> (0x000000008231cd10) 
thrown [s\open\src\hotspot\share\interpreter\linkResolver.cpp, line 773]
Event: 1.222 Thread 0x000001669216ba70 Exception <a 'java/lang/NoSuchMethodError'{0x00000000823d1f18}: 'void java.lang.invoke.DirectMethodHandle$Holder.invokeStatic(java.lang.Object, java.lang.Object)'> (0x00000000823d1f18) 
thrown [s\open\src\hotspot\share\interpreter\linkResolver.cpp, line 773]

VM Operations (20 events):
Event: 0.632 Executing VM operation: G1CollectForAllocation
Event: 0.635 Executing VM operation: G1CollectForAllocation done
Event: 0.740 Executing VM operation: G1CollectForAllocation
Event: 0.749 Executing VM operation: G1CollectForAllocation done
Event: 0.827 Executing VM operation: G1CollectForAllocation
Event: 0.871 Executing VM operation: G1CollectForAllocation done
Event: 0.951 Executing VM operation: HandshakeAllThreads
Event: 0.951 Executing VM operation: HandshakeAllThreads done
Event: 1.014 Executing VM operation: G1CollectForAllocation
Event: 1.027 Executing VM operation: G1CollectForAllocation done
Event: 1.160 Executing VM operation: G1CollectForAllocation
Event: 1.166 Executing VM operation: G1CollectForAllocation done
Event: 1.241 Executing VM operation: G1CollectForAllocation
Event: 1.246 Executing VM operation: G1CollectForAllocation done
Event: 1.255 Executing VM operation: G1PauseRemark
Event: 1.257 Executing VM operation: G1PauseRemark done
Event: 1.260 Executing VM operation: G1PauseCleanup
Event: 1.260 Executing VM operation: G1PauseCleanup done
Event: 1.325 Executing VM operation: G1CollectForAllocation
Event: 1.327 Executing VM operation: G1CollectForAllocation done

Events (13 events):
Event: 0.043 Thread 0x000001669216ba70 Thread added: 0x000001669216ba70
Event: 0.067 Thread 0x00000166aeab1810 Thread added: 0x00000166aeab1810
Event: 0.068 Thread 0x00000166aeab2610 Thread added: 0x00000166aeab2610
Event: 0.068 Thread 0x00000166aeab52d0 Thread added: 0x00000166aeab52d0
Event: 0.068 Thread 0x00000166aeab6090 Thread added: 0x00000166aeab6090
Event: 0.068 Thread 0x00000166aeabba00 Thread added: 0x00000166aeabba00
Event: 0.068 Thread 0x00000166aeabcaf0 Thread added: 0x00000166aeabcaf0
Event: 0.068 Thread 0x00000166aead5b10 Thread added: 0x00000166aead5b10
Event: 0.068 Thread 0x00000166aeaf68a0 Thread added: 0x00000166aeaf68a0
Event: 0.107 Thread 0x00000166aeabd040 Thread added: 0x00000166aeabd040
Event: 0.137 Thread 0x00000166aeabe030 Thread added: 0x00000166aeabe030
Event: 0.154 Thread 0x00000166b2ecc260 Thread added: 0x00000166b2ecc260
Event: 0.690 Thread 0x00000166b2ecc260 Thread exited: 0x00000166b2ecc260


Dynamic libraries:
0x00007ff7a1ae0000 - 0x00007ff7a1ae8000 	C:\Program Files\Java\jdk-20\bin\javac.exe
0x00007ffe1a0b0000 - 0x00007ffe1a2a8000 	C:\Windows\SYSTEM32\ntdll.dll
0x00007ffe19720000 - 0x00007ffe197dd000 	C:\Windows\System32\KERNEL32.DLL
0x00007ffe17a40000 - 0x00007ffe17d36000 	C:\Windows\System32\KERNELBASE.dll
0x00007ffe17fa0000 - 0x00007ffe180a0000 	C:\Windows\System32\ucrtbase.dll
0x00007ffe10340000 - 0x00007ffe10359000 	C:\Program Files\Java\jdk-20\bin\jli.dll
0x00007ffe18c90000 - 0x00007ffe18d3f000 	C:\Windows\System32\ADVAPI32.dll
0x00007ffe19fd0000 - 0x00007ffe1a06e000 	C:\Windows\System32\msvcrt.dll
0x00007ffe199d0000 - 0x00007ffe19a6c000 	C:\Windows\System32\sechost.dll
0x00007ffe19c20000 - 0x00007ffe19d46000 	C:\Windows\System32\RPCRT4.dll
0x00007ffe19a70000 - 0x00007ffe19c0e000 	C:\Windows\System32\USER32.dll
0x00007ffe177c0000 - 0x00007ffe177e2000 	C:\Windows\System32\win32u.dll
0x00007ffe183e0000 - 0x00007ffe1840c000 	C:\Windows\System32\GDI32.dll
0x00007ffe17df0000 - 0x00007ffe17f0a000 	C:\Windows\System32\gdi32full.dll
0x00007ffe177f0000 - 0x00007ffe1788d000 	C:\Windows\System32\msvcp_win.dll
0x00007ffe12ba0000 - 0x00007ffe12bbb000 	C:\Program Files\Java\jdk-20\bin\VCRUNTIME140.dll
0x00007ffe03640000 - 0x00007ffe038da000 	C:\Windows\WinSxS\amd64_microsoft.windows.common-controls_6595b64144ccf1df_6.0.19041.3636_none_60b6a03d71f818d5\COMCTL32.dll
0x00007ffe107f0000 - 0x00007ffe107fa000 	C:\Windows\SYSTEM32\VERSION.dll
0x00007ffe181a0000 - 0x00007ffe181d0000 	C:\Windows\System32\IMM32.DLL
0x00007ffe10f70000 - 0x00007ffe10f7c000 	C:\Program Files\Java\jdk-20\bin\vcruntime140_1.dll
0x00007ffdf2700000 - 0x00007ffdf278e000 	C:\Program Files\Java\jdk-20\bin\msvcp140.dll
0x00007ffde1fa0000 - 0x00007ffde2c37000 	C:\Program Files\Java\jdk-20\bin\server\jvm.dll
0x00007ffe12fd0000 - 0x00007ffe12fd9000 	C:\Windows\SYSTEM32\WSOCK32.dll
0x00007ffe190a0000 - 0x00007ffe1910b000 	C:\Windows\System32\WS2_32.dll
0x00007ffe07910000 - 0x00007ffe07937000 	C:\Windows\SYSTEM32\WINMM.dll
0x00007ffe16160000 - 0x00007ffe16172000 	C:\Windows\SYSTEM32\kernel.appcore.dll
0x00007ffe10f60000 - 0x00007ffe10f6a000 	C:\Program Files\Java\jdk-20\bin\jimage.dll
0x00007ffe15b20000 - 0x00007ffe15d04000 	C:\Windows\SYSTEM32\DBGHELP.DLL
0x00007ffe119d0000 - 0x00007ffe11a04000 	C:\Windows\SYSTEM32\dbgcore.DLL
0x00007ffe17f10000 - 0x00007ffe17f92000 	C:\Windows\System32\bcryptPrimitives.dll
0x00007ffe0faa0000 - 0x00007ffe0fac6000 	C:\Program Files\Java\jdk-20\bin\java.dll
0x00007ffdf05b0000 - 0x00007ffdf0687000 	C:\Program Files\Java\jdk-20\bin\jsvml.dll
0x00007ffe184e0000 - 0x00007ffe18c24000 	C:\Windows\System32\SHELL32.dll
0x00007ffe15380000 - 0x00007ffe15b1b000 	C:\Windows\SYSTEM32\windows.storage.dll
0x00007ffe18d40000 - 0x00007ffe19094000 	C:\Windows\System32\combase.dll
0x00007ffe17100000 - 0x00007ffe1712d000 	C:\Windows\SYSTEM32\Wldp.dll
0x00007ffe18330000 - 0x00007ffe183dd000 	C:\Windows\System32\SHCORE.dll
0x00007ffe182d0000 - 0x00007ffe18325000 	C:\Windows\System32\shlwapi.dll
0x00007ffe176c0000 - 0x00007ffe176e5000 	C:\Windows\SYSTEM32\profapi.dll
0x00007ffe108e0000 - 0x00007ffe108f3000 	C:\Program Files\Java\jdk-20\bin\net.dll
0x00007ffe11a40000 - 0x00007ffe11b4a000 	C:\Windows\SYSTEM32\WINHTTP.dll
0x00007ffe16e60000 - 0x00007ffe16eca000 	C:\Windows\system32\mswsock.dll
0x00007ffe10310000 - 0x00007ffe10326000 	C:\Program Files\Java\jdk-20\bin\nio.dll
0x00007ffe07380000 - 0x00007ffe07398000 	C:\Program Files\Java\jdk-20\bin\zip.dll

dbghelp: loaded successfully - version: 4.0.5 - missing functions: none
symbol engine: initialized successfully - sym options: 0x614 - pdb path: .;C:\Program Files\Java\jdk-20\bin;C:\Windows\SYSTEM32;C:\Windows\WinSxS\amd64_microsoft.windows.common-controls_6595b64144ccf1df_6.0.19041.3636_none_60b6a03d71f818d5;C:\Program Files\Java\jdk-20\bin\server

VM Arguments:
jvm_args: -Dapplication.home=C:\Program Files\Java\jdk-20 --add-modules=ALL-DEFAULT -Xms8m -Djdk.module.main=jdk.compiler 
java_command: jdk.compiler/com.sun.tools.javac.Main -d C:\Users\rafael.rocha\OneDrive\Documentos\RodosBus\Rodobus - OFICIAL\build\classes -classpath C:\Users\rafael.rocha\OneDrive\Documentos\RodosBus\Rodobus - OFICIAL\build\classes;C:\Users\rafael.rocha\OneDrive\Documentos\RodosBus\mysql-connector-j-8.1.0\mysql-connector-j-8.1.0.jar;C:\Program Files\NetBeans-17\netbeans\java\modules\ext\AbsoluteLayout.jar -sourcepath C:\Users\rafael.rocha\OneDrive\Documentos\RodosBus\Rodobus - OFICIAL\src -target 18 -encoding UTF-8 -g -processorpath C:\Users\thiago.fsantana2\Downloads\mysql-connector-j-8.1.0\mysql-connector-j-8.1.0\mysql-connector-j-8.1.0.jar;C:\Users\igor.aoliveira19\Downloads\mysql-connector-j-8.1.0\mysql-connector-j-8.1.0.jar;C:\Users\rafael.rocha\OneDrive\Área de Trabalho\mysql-connector-j-8.1.0\mysql-connector-j-8.1.0.jar;C:\Users\matheus.rmrocha\Downloads\mysql-connector-j-8.2.0.zip;C:\Users\matheus.rmrocha\Downloads\mysql-connector-j-8.2.0;C:\Users\matheus.rmrocha\Downloads\mysql-connector-j-8.2.0\mysql-connector-j-8.2.0.jar;C:\Users\rafael.rocha\Downloads\mysql-connector-j-8.2.0;C:\Users\rafael.rocha\Downloads\mysql-connector-j-8.2.0\mysql-connector-j-8.2.0.jar;C:\Users\rafael.rocha\OneDrive\Documentos\RodosBus\mysql-connector-j-8.1.0\mysql-connector-j-8.1.0.jar;C:\Program Files\NetBeans-17\netbeans\java\modules\ext\AbsoluteLayout.jar;C:\Users\rafael.rocha\OneDrive\Documentos\RodosBus\Rodobus - OFICIAL\build\empty -s C:\Users\rafael.rocha\OneDrive\Documentos\RodosBus\Rodobus - OFICIAL\build\generated-sources\ap-source-output -source 18 C:\Users\rafael.rocha\OneDrive\Documentos\RodosBus\Rodobus - OFICIAL\src\view\adm\formGerenciar.java
java_class_path (initial): <not set>
Launcher Type: SUN_STANDARD

[Global flags]
     intx CICompilerCount                          = 4                                         {product} {ergonomic}
     uint ConcGCThreads                            = 2                                         {product} {ergonomic}
     uint G1ConcRefinementThreads                  = 8                                         {product} {ergonomic}
   size_t G1HeapRegionSize                         = 1048576                                   {product} {ergonomic}
    uintx GCDrainStackTargetSize                   = 64                                        {product} {ergonomic}
   size_t InitialHeapSize                          = 8388608                                   {product} {command line}
   size_t MarkStackSize                            = 4194304                                   {product} {ergonomic}
   size_t MaxHeapSize                              = 2120220672                                {product} {ergonomic}
   size_t MaxNewSize                               = 1271922688                                {product} {ergonomic}
   size_t MinHeapDeltaBytes                        = 1048576                                   {product} {ergonomic}
   size_t MinHeapSize                              = 8388608                                   {product} {command line}
    uintx NonNMethodCodeHeapSize                   = 5839372                                {pd product} {ergonomic}
    uintx NonProfiledCodeHeapSize                  = 122909434                              {pd product} {ergonomic}
    uintx ProfiledCodeHeapSize                     = 122909434                              {pd product} {ergonomic}
    uintx ReservedCodeCacheSize                    = 251658240                              {pd product} {ergonomic}
     bool SegmentedCodeCache                       = true                                      {product} {ergonomic}
   size_t SoftMaxHeapSize                          = 2120220672                             {manageable} {ergonomic}
     bool UseCompressedClassPointers               = true                           {product lp64_product} {ergonomic}
     bool UseCompressedOops                        = true                           {product lp64_product} {ergonomic}
     bool UseG1GC                                  = true                                      {product} {ergonomic}
     bool UseLargePagesIndividualAllocation        = false                                  {pd product} {ergonomic}

Logging:
Log output configuration:
 #0: stdout all=warning uptime,level,tags foldmultilines=false
 #1: stderr all=off uptime,level,tags foldmultilines=false

Environment Variables:
PATH=C:\Program Files\Common Files\Oracle\Java\javapath;C:\Program Files (x86)\Common Files\Oracle\Java\javapath;C:\Windows\system32;C:\Windows;C:\Windows\System32\Wbem;C:\Windows\System32\WindowsPowerShell\v1.0\;C:\Windows\System32\OpenSSH\;C:\Program Files (x86)\Microsoft SQL Server\150\DTS\Binn\;C:\Program Files\Azure Data Studio\bin;C:\Program Files\nodejs\;C:\Program Files\Git\cmd;C:\Program Files\TortoiseSVN\bin;C:\Program Files\dotnet\;C:\Program Files\TortoiseGit\bin;C:\Users\rafael.rocha\AppData\Local\Microsoft\WindowsApps;C:\Users\rafael.rocha\AppData\Local\Programs\Microsoft VS Code\bin;C:\Users\rafael.rocha\AppData\Roaming\npm;C:\Users\rafael.rocha\.dotnet\tools;C:\Users\rafael.rocha\AppData\Local\GitHubDesktop\bin
USERNAME=matheus.rafael
OS=Windows_NT
PROCESSOR_IDENTIFIER=Intel64 Family 6 Model 142 Stepping 12, GenuineIntel
TMP=C:\Users\RAFAEL~1.ROC\AppData\Local\Temp
TEMP=C:\Users\RAFAEL~1.ROC\AppData\Local\Temp




---------------  S Y S T E M  ---------------

OS:
 Windows 10 , 64 bit Build 19041 (10.0.19041.3636)
OS uptime: 12 days 12:49 hours

CPU: total 8 (initial active 8) (4 cores per cpu, 2 threads per core) family 6 model 142 stepping 12 microcode 0xb8, cx8, cmov, fxsr, ht, mmx, 3dnowpref, sse, sse2, sse3, ssse3, sse4.1, sse4.2, popcnt, lzcnt, tsc, tscinvbit, avx, avx2, aes, erms, clmul, bmi1, bmi2, adx, fma, vzeroupper, clflush, clflushopt, rdtscp, f16c

Memory: 4k page, system-wide physical 8084M (395M free)
TotalPageFile size 32660M (AvailPageFile size 4M)
current process WorkingSet (physical memory assigned to process): 78M, peak: 78M
current process commit charge ("private bytes"): 116M, peak: 117M

vm_info: Java HotSpot(TM) 64-Bit Server VM (20+36-2344) for windows-amd64 JRE (20+36-2344), built on 2023-02-10T19:30:15Z by "mach5one" with MS VC++ 17.1 (VS2022)

END.
