#
# There is insufficient memory for the Java Runtime Environment to continue.
# Native memory allocation (mmap) failed to map 6291456 bytes for G1 virtual space
# Possible reasons:
#   The system is out of physical RAM or swap space
#   The process is running with CompressedOops enabled, and the Java Heap may be blocking the growth of the native heap
# Possible solutions:
#   Reduce memory load on the system
#   Increase physical memory or swap space
#   Check if swap backing store is full
#   Decrease Java heap size (-Xmx/-Xms)
#   Decrease number of Java threads
#   Decrease Java thread stack sizes (-Xss)
#   Set larger code cache with -XX:ReservedCodeCacheSize=
#   JVM is running with Unscaled Compressed Oops mode in which the Java heap is
#     placed in the first 4GB address space. The Java Heap base address is the
#     maximum limit for the native heap growth. Please use -XX:HeapBaseMinAddress
#     to set the Java Heap base and to place the Java Heap above 4GB virtual address.
# This output file may be truncated or incomplete.
#
#  Out of Memory Error (os_windows.cpp:3528), pid=91156, tid=71492
#
# JRE version: Java(TM) SE Runtime Environment (20.0+36) (build 20+36-2344)
# Java VM: Java HotSpot(TM) 64-Bit Server VM (20+36-2344, mixed mode, sharing, tiered, compressed oops, compressed class ptrs, g1 gc, windows-amd64)
# No core dump will be written. Minidumps are not enabled by default on client versions of Windows
#

---------------  S U M M A R Y ------------

Command Line: -Dapplication.home=C:\Program Files\Java\jdk-20 --add-modules=ALL-DEFAULT -Xms8m -Djdk.module.main=jdk.compiler jdk.compiler/com.sun.tools.javac.Main -d C:\Users\rafael.rocha\OneDrive\Documentos\RodosBus\Rodobus - OFICIAL\build\classes -classpath C:\Users\rafael.rocha\OneDrive\Documentos\RodosBus\Rodobus - OFICIAL\build\classes;C:\Users\rafael.rocha\OneDrive\Documentos\RodosBus\mysql-connector-j-8.1.0\mysql-connector-j-8.1.0.jar;C:\Program Files\NetBeans-17\netbeans\java\modules\ext\AbsoluteLayout.jar -sourcepath C:\Users\rafael.rocha\OneDrive\Documentos\RodosBus\Rodobus - OFICIAL\src -target 18 -encoding UTF-8 -g -processorpath C:\Users\thiago.fsantana2\Downloads\mysql-connector-j-8.1.0\mysql-connector-j-8.1.0\mysql-connector-j-8.1.0.jar;C:\Users\igor.aoliveira19\Downloads\mysql-connector-j-8.1.0\mysql-connector-j-8.1.0.jar;C:\Users\rafael.rocha\OneDrive\Área de Trabalho\mysql-connector-j-8.1.0\mysql-connector-j-8.1.0.jar;C:\Users\matheus.rmrocha\Downloads\mysql-connector-j-8.2.0.zip;C:\Users\matheus.rmrocha\Downloads\mysql-connector-j-8.2.0;C:\Users\matheus.rmrocha\Downloads\mysql-connector-j-8.2.0\mysql-connector-j-8.2.0.jar;C:\Users\rafael.rocha\Downloads\mysql-connector-j-8.2.0;C:\Users\rafael.rocha\Downloads\mysql-connector-j-8.2.0\mysql-connector-j-8.2.0.jar;C:\Users\rafael.rocha\OneDrive\Documentos\RodosBus\mysql-connector-j-8.1.0\mysql-connector-j-8.1.0.jar;C:\Program Files\NetBeans-17\netbeans\java\modules\ext\AbsoluteLayout.jar;C:\Users\rafael.rocha\OneDrive\Documentos\RodosBus\Rodobus - OFICIAL\build\empty -s C:\Users\rafael.rocha\OneDrive\Documentos\RodosBus\Rodobus - OFICIAL\build\generated-sources\ap-source-output -source 18 C:\Users\rafael.rocha\OneDrive\Documentos\RodosBus\Rodobus - OFICIAL\src\view\clientes\formPedidoRealizado.java

Host: Intel(R) Core(TM) i5-8265U CPU @ 1.60GHz, 8 cores, 7G,  Windows 10 , 64 bit Build 19041 (10.0.19041.3636)
Time: Thu Nov 30 15:30:34 2023 Hora oficial do Brasil elapsed time: 0.709115 seconds (0d 0h 0m 0s)

---------------  T H R E A D  ---------------

Current thread (0x00000244e5ace8c0):  VMThread "VM Thread" [stack: 0x000000e465900000,0x000000e465a00000] [id=71492]

Stack: [0x000000e465900000,0x000000e465a00000]
Native frames: (J=compiled Java code, j=interpreted, Vv=VM code, C=native code)
V  [jvm.dll+0x6bb95a]
V  [jvm.dll+0x8483aa]
V  [jvm.dll+0x849fa5]
V  [jvm.dll+0x84a6a3]
V  [jvm.dll+0x280b0f]
V  [jvm.dll+0x6b86e9]
V  [jvm.dll+0x6ad2da]
V  [jvm.dll+0x35adf5]
V  [jvm.dll+0x363016]
V  [jvm.dll+0x3b3b3e]
V  [jvm.dll+0x3b3dc5]
V  [jvm.dll+0x32b50a]
V  [jvm.dll+0x32b5b7]
V  [jvm.dll+0x373942]
V  [jvm.dll+0x372140]
V  [jvm.dll+0x32ac51]
V  [jvm.dll+0x371836]
V  [jvm.dll+0x84ffee]
V  [jvm.dll+0x851101]
V  [jvm.dll+0x851609]
V  [jvm.dll+0x851883]
V  [jvm.dll+0x7f4906]
V  [jvm.dll+0x6ba5cb]
C  [ucrtbase.dll+0x21bb2]
C  [KERNEL32.DLL+0x17344]
C  [ntdll.dll+0x526b1]

VM_Operation (0x000000e4653fdb50): G1CollectForAllocation, mode: safepoint, requested by thread 0x00000244e5a0eb10


---------------  P R O C E S S  ---------------

Threads class SMR info:
_java_thread_list=0x0000024486afb320, length=12, elements={
0x00000244e5a0eb10, 0x0000024482350de0, 0x0000024482351be0, 0x0000024482354280,
0x0000024482356cd0, 0x000002448235b640, 0x00000244823870f0, 0x0000024482390990,
0x0000024482391310, 0x00000244868799d0, 0x000002448690df50, 0x000002448707d0a0
}

Java Threads: ( => current thread )
  0x00000244e5a0eb10 JavaThread "main" [_thread_blocked, id=83620, stack(0x000000e465300000,0x000000e465400000)]
  0x0000024482350de0 JavaThread "Reference Handler" daemon [_thread_blocked, id=88580, stack(0x000000e465a00000,0x000000e465b00000)]
  0x0000024482351be0 JavaThread "Finalizer" daemon [_thread_blocked, id=80060, stack(0x000000e465b00000,0x000000e465c00000)]
  0x0000024482354280 JavaThread "Signal Dispatcher" daemon [_thread_blocked, id=20752, stack(0x000000e465c00000,0x000000e465d00000)]
  0x0000024482356cd0 JavaThread "Attach Listener" daemon [_thread_blocked, id=91688, stack(0x000000e465d00000,0x000000e465e00000)]
  0x000002448235b640 JavaThread "Service Thread" daemon [_thread_blocked, id=84476, stack(0x000000e465e00000,0x000000e465f00000)]
  0x00000244823870f0 JavaThread "Monitor Deflation Thread" daemon [_thread_blocked, id=85932, stack(0x000000e465f00000,0x000000e466000000)]
  0x0000024482390990 JavaThread "C2 CompilerThread0" daemon [_thread_blocked, id=86404, stack(0x000000e466000000,0x000000e466100000)]
  0x0000024482391310 JavaThread "C1 CompilerThread0" daemon [_thread_blocked, id=88152, stack(0x000000e466100000,0x000000e466200000)]
  0x00000244868799d0 JavaThread "Common-Cleaner" daemon [_thread_blocked, id=87232, stack(0x000000e466200000,0x000000e466300000)]
  0x000002448690df50 JavaThread "Notification Thread" daemon [_thread_blocked, id=11292, stack(0x000000e466300000,0x000000e466400000)]
  0x000002448707d0a0 JavaThread "C2 CompilerThread1" daemon [_thread_blocked, id=86316, stack(0x000000e466c00000,0x000000e466d00000)]

Other Threads:
=>0x00000244e5ace8c0 VMThread "VM Thread" [stack: 0x000000e465900000,0x000000e465a00000] [id=71492]
  0x000002448690f5f0 WatcherThread "VM Periodic Task Thread" [stack: 0x000000e466400000,0x000000e466500000] [id=81020]
  0x00000244e5a6f1e0 WorkerThread "GC Thread#0" [stack: 0x000000e465400000,0x000000e465500000] [id=89480]
  0x00000244869f8ae0 WorkerThread "GC Thread#1" [stack: 0x000000e466500000,0x000000e466600000] [id=88984]
  0x0000024486b4df90 WorkerThread "GC Thread#2" [stack: 0x000000e466600000,0x000000e466700000] [id=88956]
  0x0000024486b4e260 WorkerThread "GC Thread#3" [stack: 0x000000e466700000,0x000000e466800000] [id=80372]
  0x0000024486b4e530 WorkerThread "GC Thread#4" [stack: 0x000000e466800000,0x000000e466900000] [id=87648]
  0x0000024486b56810 WorkerThread "GC Thread#5" [stack: 0x000000e466900000,0x000000e466a00000] [id=70176]
  0x0000024486cbecd0 WorkerThread "GC Thread#6" [stack: 0x000000e466a00000,0x000000e466b00000] [id=91964]
  0x0000024486cbd380 WorkerThread "GC Thread#7" [stack: 0x000000e466b00000,0x000000e466c00000] [id=44892]
  0x00000244e5a80cd0 ConcurrentGCThread "G1 Main Marker" [stack: 0x000000e465500000,0x000000e465600000] [id=77996]
  0x00000244e5a817b0 WorkerThread "G1 Conc#0" [stack: 0x000000e465600000,0x000000e465700000] [id=90708]
  0x00000244e5ab1f00 ConcurrentGCThread "G1 Refine#0" [stack: 0x000000e465700000,0x000000e465800000] [id=75232]
  0x00000244e5ab28b0 ConcurrentGCThread "G1 Service" [stack: 0x000000e465800000,0x000000e465900000] [id=92120]

Threads with active compile tasks:
C2 CompilerThread0      747 1238       4       jdk.internal.jimage.BasicImageReader::getString (35 bytes)
C1 CompilerThread0      748 1271       3       java.util.regex.Matcher::<init> (95 bytes)
C2 CompilerThread1      748 1237       4       jdk.internal.jimage.ImageLocation::getAttributeString (54 bytes)

VM state: at safepoint (normal execution)

VM Mutex/Monitor currently owned by a thread:  ([mutex/lock_event])
[0x00000244e5a0a250] Threads_lock - owner thread: 0x00000244e5ace8c0
[0x00000244e5a0a400] Heap_lock - owner thread: 0x00000244e5a0eb10

Heap address: 0x0000000081a00000, size: 2022 MB, Compressed Oops mode: 32-bit

CDS archive(s) mapped at: [0x0000000800000000-0x0000000800c60000-0x0000000800c60000), size 12976128, SharedBaseAddress: 0x0000000800000000, ArchiveRelocationMode: 0.
Compressed class space mapped at: 0x0000000801000000-0x0000000841000000, reserved size: 1073741824
Narrow klass base: 0x0000000800000000, Narrow klass shift: 0, Narrow klass range: 0x100000000

GC Precious Log:
 CardTable entry size: 512
 Card Set container configuration: InlinePtr #cards 5 size 8 Array Of Cards #cards 12 size 40 Howl #buckets 4 coarsen threshold 1843 Howl Bitmap #cards 512 size 80 coarsen threshold 460 Card regions per heap region 1 cards per card region 2048
 CPUs: 8 total, 8 available
 Memory: 8084M
 Large Page Support: Disabled
 NUMA Support: Disabled
 Compressed Oops: Enabled (32-bit)
 Heap Region Size: 1M
 Heap Min Capacity: 8M
 Heap Initial Capacity: 8M
 Heap Max Capacity: 2022M
 Pre-touch: Disabled
 Parallel Workers: 8
 Concurrent Workers: 2
 Concurrent Refinement Workers: 8
 Periodic GC: Disabled

Heap:
 garbage-first heap   total 10240K, used 4990K [0x0000000081a00000, 0x0000000100000000)
  region size 1024K, 1 young (1024K), 1 survivors (1024K)
 Metaspace       used 9076K, committed 9280K, reserved 1114112K
  class space    used 1004K, committed 1088K, reserved 1048576K

Heap Regions: E=young(eden), S=young(survivor), O=old, HS=humongous(starts), HC=humongous(continues), CS=collection set, F=free, OA=open archive, CA=closed archive, TAMS=top-at-mark-start, PB=parsable bottom
|   0|0x0000000081a00000, 0x0000000081b00000, 0x0000000081b00000|100%| O|  |TAMS 0x0000000081b00000| PB 0x0000000081a00000| Untracked 
|   1|0x0000000081b00000, 0x0000000081c00000, 0x0000000081c00000|100%| O|  |TAMS 0x0000000081c00000| PB 0x0000000081b00000| Untracked 
|   2|0x0000000081c00000, 0x0000000081d00000, 0x0000000081d00000|100%| O|  |TAMS 0x0000000081d00000| PB 0x0000000081c00000| Untracked 
|   3|0x0000000081d00000, 0x0000000081e00000, 0x0000000081e00000|100%| O|  |TAMS 0x0000000081e00000| PB 0x0000000081d00000| Untracked 
|   4|0x0000000081e00000, 0x0000000081e78800, 0x0000000081f00000| 47%| O|  |TAMS 0x0000000081e78800| PB 0x0000000081e00000| Untracked 
|   5|0x0000000081f00000, 0x0000000081f00000, 0x0000000082000000|  0%| F|  |TAMS 0x0000000081f00000| PB 0x0000000081f00000| Untracked 
|   6|0x0000000082000000, 0x0000000082000000, 0x0000000082100000|  0%| F|  |TAMS 0x0000000082000000| PB 0x0000000082000000| Untracked 
|   7|0x0000000082100000, 0x0000000082100000, 0x0000000082200000|  0%| F|  |TAMS 0x0000000082100000| PB 0x0000000082100000| Untracked 
|   8|0x0000000082200000, 0x0000000082267360, 0x0000000082300000| 40%| S|CS|TAMS 0x0000000082200000| PB 0x0000000082200000| Complete 
|   9|0x0000000082300000, 0x0000000082300000, 0x0000000082400000|  0%| F|  |TAMS 0x0000000082300000| PB 0x0000000082300000| Untracked 

Card table byte_map: [0x00000244fd200000,0x00000244fd600000] _byte_map_base: 0x00000244fcdf3000

Marking Bits: (CMBitMap*) 0x00000244e5a70730
 Bits: [0x00000244fda00000, 0x00000244ff998000)

Polling page: 0x00000244e51e0000

Metaspace:

Usage:
  Non-class:      7.88 MB used.
      Class:   1004.32 KB used.
       Both:      8.86 MB used.

Virtual space:
  Non-class space:       64.00 MB reserved,       8.00 MB ( 12%) committed,  1 nodes.
      Class space:        1.00 GB reserved,       1.06 MB ( <1%) committed,  1 nodes.
             Both:        1.06 GB reserved,       9.06 MB ( <1%) committed. 

Chunk freelists:
   Non-Class:  1.97 MB
       Class:  2.91 MB
        Both:  4.88 MB

MaxMetaspaceSize: unlimited
CompressedClassSpaceSize: 1.00 GB
Initial GC threshold: 21.00 MB
Current GC threshold: 21.00 MB
CDS: on
MetaspaceReclaimPolicy: balanced
 - commit_granule_bytes: 65536.
 - commit_granule_words: 8192.
 - virtual_space_node_default_size: 8388608.
 - enlarge_chunks_in_place: 1.
 - new_chunks_are_fully_committed: 0.
 - uncommit_free_chunks: 1.
 - use_allocation_guard: 0.


Internal statistics:

num_allocs_failed_limit: 0.
num_arena_births: 62.
num_arena_deaths: 0.
num_vsnodes_births: 2.
num_vsnodes_deaths: 0.
num_space_committed: 145.
num_space_uncommitted: 0.
num_chunks_returned_to_freelist: 0.
num_chunks_taken_from_freelist: 343.
num_chunk_merges: 0.
num_chunk_splits: 257.
num_chunks_enlarged: 207.
num_inconsistent_stats: 0.

CodeHeap 'non-profiled nmethods': size=120000Kb used=366Kb max_used=366Kb free=119633Kb
 bounds [0x00000244f55a0000, 0x00000244f5810000, 0x00000244fcad0000]
CodeHeap 'profiled nmethods': size=120000Kb used=2277Kb max_used=2277Kb free=117722Kb
 bounds [0x00000244edad0000, 0x00000244edd40000, 0x00000244f5000000]
CodeHeap 'non-nmethods': size=5760Kb used=1407Kb max_used=1445Kb free=4352Kb
 bounds [0x00000244f5000000, 0x00000244f5270000, 0x00000244f55a0000]
 total_blobs=1704 nmethods=1253 adapters=362
 compilation: enabled
              stopped_count=0, restarted_count=0
 full_count=0

Compilation events (20 events):
Event: 0.681 Thread 0x0000024482391310 1255       3       com.sun.tools.javac.code.Symbol::flatName (5 bytes)
Event: 0.681 Thread 0x0000024482391310 nmethod 1255 0x00000244edcfde90 code [0x00000244edcfe020, 0x00000244edcfe1e8]
Event: 0.682 Thread 0x0000024482391310 1244       3       com.sun.tools.javac.code.Symbol$TypeSymbol::formFlatName (92 bytes)
Event: 0.682 Thread 0x0000024482391310 nmethod 1244 0x00000244edcfe290 code [0x00000244edcfe4a0, 0x00000244edcfecb8]
Event: 0.682 Thread 0x0000024482391310 1258       3       javax.lang.model.SourceVersion::isIdentifier (71 bytes)
Event: 0.683 Thread 0x0000024482390990 nmethod 1235 0x00000244f55fa990 code [0x00000244f55fab40, 0x00000244f55fb598]
Event: 0.683 Thread 0x0000024482390990 1238       4       jdk.internal.jimage.BasicImageReader::getString (35 bytes)
Event: 0.684 Thread 0x0000024482391310 nmethod 1258 0x00000244edcfef90 code [0x00000244edcff200, 0x00000244edcffc00]
Event: 0.684 Thread 0x0000024482391310 1259       3       java.util.regex.Pattern::newSlice (181 bytes)
Event: 0.685 Thread 0x0000024482391310 nmethod 1259 0x00000244edcfff90 code [0x00000244edd002c0, 0x00000244edd014b0]
Event: 0.686 Thread 0x0000024482391310 1261   !   3       java.util.regex.Pattern::RemoveQEQuoting (370 bytes)
Event: 0.688 Thread 0x0000024482391310 nmethod 1261 0x00000244edd01b10 code [0x00000244edd01dc0, 0x00000244edd02f80]
Event: 0.688 Thread 0x0000024482391310 1266       3       java.util.regex.Pattern::sequence (647 bytes)
Event: 0.696 Thread 0x0000024482391310 nmethod 1266 0x00000244edd03610 code [0x00000244edd03bc0, 0x00000244edd069d0]
Event: 0.696 Thread 0x0000024482391310 1265       3       com.sun.tools.javac.code.ClassFinder$1::hasNext (113 bytes)
Event: 0.697 Thread 0x0000024482391310 nmethod 1265 0x00000244edd07810 code [0x00000244edd07a20, 0x00000244edd08390]
Event: 0.697 Thread 0x0000024482391310 1270   !   3       java.util.regex.Pattern::matcher (44 bytes)
Event: 0.697 Thread 0x0000024482391310 nmethod 1270 0x00000244edd08590 code [0x00000244edd08740, 0x00000244edd08ab8]
Event: 0.697 Thread 0x0000024482391310 1271       3       java.util.regex.Matcher::<init> (95 bytes)
Event: 0.697 Thread 0x0000024482391310 nmethod 1271 0x00000244edd08c10 code [0x00000244edd08de0, 0x00000244edd09400]

GC Heap History (17 events):
Event: 0.208 GC heap before
{Heap before GC invocations=0 (full 0):
 garbage-first heap   total 8192K, used 3072K [0x0000000081a00000, 0x0000000100000000)
  region size 1024K, 3 young (3072K), 0 survivors (0K)
 Metaspace       used 2300K, committed 2432K, reserved 1114112K
  class space    used 260K, committed 320K, reserved 1048576K
}
Event: 0.210 GC heap after
{Heap after GC invocations=1 (full 0):
 garbage-first heap   total 8192K, used 1280K [0x0000000081a00000, 0x0000000100000000)
  region size 1024K, 1 young (1024K), 1 survivors (1024K)
 Metaspace       used 2300K, committed 2432K, reserved 1114112K
  class space    used 260K, committed 320K, reserved 1048576K
}
Event: 0.262 GC heap before
{Heap before GC invocations=1 (full 0):
 garbage-first heap   total 8192K, used 2304K [0x0000000081a00000, 0x0000000100000000)
  region size 1024K, 2 young (2048K), 1 survivors (1024K)
 Metaspace       used 3841K, committed 4096K, reserved 1114112K
  class space    used 460K, committed 576K, reserved 1048576K
}
Event: 0.264 GC heap after
{Heap after GC invocations=2 (full 0):
 garbage-first heap   total 8192K, used 1944K [0x0000000081a00000, 0x0000000100000000)
  region size 1024K, 1 young (1024K), 1 survivors (1024K)
 Metaspace       used 3841K, committed 4096K, reserved 1114112K
  class space    used 460K, committed 576K, reserved 1048576K
}
Event: 0.337 GC heap before
{Heap before GC invocations=2 (full 0):
 garbage-first heap   total 8192K, used 2968K [0x0000000081a00000, 0x0000000100000000)
  region size 1024K, 2 young (2048K), 1 survivors (1024K)
 Metaspace       used 6059K, committed 6208K, reserved 1114112K
  class space    used 704K, committed 768K, reserved 1048576K
}
Event: 0.339 GC heap after
{Heap after GC invocations=3 (full 0):
 garbage-first heap   total 8192K, used 2272K [0x0000000081a00000, 0x0000000100000000)
  region size 1024K, 1 young (1024K), 1 survivors (1024K)
 Metaspace       used 6059K, committed 6208K, reserved 1114112K
  class space    used 704K, committed 768K, reserved 1048576K
}
Event: 0.396 GC heap before
{Heap before GC invocations=3 (full 0):
 garbage-first heap   total 8192K, used 3296K [0x0000000081a00000, 0x0000000100000000)
  region size 1024K, 2 young (2048K), 1 survivors (1024K)
 Metaspace       used 7760K, committed 7936K, reserved 1114112K
  class space    used 871K, committed 960K, reserved 1048576K
}
Event: 0.398 GC heap after
{Heap after GC invocations=4 (full 0):
 garbage-first heap   total 8192K, used 2725K [0x0000000081a00000, 0x0000000100000000)
  region size 1024K, 1 young (1024K), 1 survivors (1024K)
 Metaspace       used 7760K, committed 7936K, reserved 1114112K
  class space    used 871K, committed 960K, reserved 1048576K
}
Event: 0.431 GC heap before
{Heap before GC invocations=4 (full 0):
 garbage-first heap   total 8192K, used 3749K [0x0000000081a00000, 0x0000000100000000)
  region size 1024K, 2 young (2048K), 1 survivors (1024K)
 Metaspace       used 7984K, committed 8128K, reserved 1114112K
  class space    used 889K, committed 960K, reserved 1048576K
}
Event: 0.432 GC heap after
{Heap after GC invocations=5 (full 0):
 garbage-first heap   total 10240K, used 2960K [0x0000000081a00000, 0x0000000100000000)
  region size 1024K, 1 young (1024K), 1 survivors (1024K)
 Metaspace       used 7984K, committed 8128K, reserved 1114112K
  class space    used 889K, committed 960K, reserved 1048576K
}
Event: 0.506 GC heap before
{Heap before GC invocations=5 (full 0):
 garbage-first heap   total 10240K, used 5008K [0x0000000081a00000, 0x0000000100000000)
  region size 1024K, 3 young (3072K), 1 survivors (1024K)
 Metaspace       used 8572K, committed 8768K, reserved 1114112K
  class space    used 953K, committed 1024K, reserved 1048576K
}
Event: 0.509 GC heap after
{Heap after GC invocations=6 (full 0):
 garbage-first heap   total 10240K, used 3808K [0x0000000081a00000, 0x0000000100000000)
  region size 1024K, 1 young (1024K), 1 survivors (1024K)
 Metaspace       used 8572K, committed 8768K, reserved 1114112K
  class space    used 953K, committed 1024K, reserved 1048576K
}
Event: 0.639 GC heap before
{Heap before GC invocations=6 (full 0):
 garbage-first heap   total 10240K, used 5856K [0x0000000081a00000, 0x0000000100000000)
  region size 1024K, 3 young (3072K), 1 survivors (1024K)
 Metaspace       used 9004K, committed 9216K, reserved 1114112K
  class space    used 1004K, committed 1088K, reserved 1048576K
}
Event: 0.645 GC heap after
{Heap after GC invocations=7 (full 0):
 garbage-first heap   total 10240K, used 4662K [0x0000000081a00000, 0x0000000100000000)
  region size 1024K, 1 young (1024K), 1 survivors (1024K)
 Metaspace       used 9004K, committed 9216K, reserved 1114112K
  class space    used 1004K, committed 1088K, reserved 1048576K
}
Event: 0.665 GC heap before
{Heap before GC invocations=7 (full 0):
 garbage-first heap   total 10240K, used 6710K [0x0000000081a00000, 0x0000000100000000)
  region size 1024K, 3 young (3072K), 1 survivors (1024K)
 Metaspace       used 9032K, committed 9216K, reserved 1114112K
  class space    used 1004K, committed 1088K, reserved 1048576K
}
Event: 0.666 GC heap after
{Heap after GC invocations=8 (full 0):
 garbage-first heap   total 10240K, used 4893K [0x0000000081a00000, 0x0000000100000000)
  region size 1024K, 1 young (1024K), 1 survivors (1024K)
 Metaspace       used 9032K, committed 9216K, reserved 1114112K
  class space    used 1004K, committed 1088K, reserved 1048576K
}
Event: 0.697 GC heap before
{Heap before GC invocations=8 (full 0):
 garbage-first heap   total 10240K, used 5917K [0x0000000081a00000, 0x0000000100000000)
  region size 1024K, 2 young (2048K), 1 survivors (1024K)
 Metaspace       used 9076K, committed 9280K, reserved 1114112K
  class space    used 1004K, committed 1088K, reserved 1048576K
}

Dll operation events (6 events):
Event: 0.010 Loaded shared library C:\Program Files\Java\jdk-20\bin\java.dll
Event: 0.020 Loaded shared library C:\Program Files\Java\jdk-20\bin\jsvml.dll
Event: 0.099 Loaded shared library C:\Program Files\Java\jdk-20\bin\jimage.dll
Event: 0.168 Loaded shared library C:\Program Files\Java\jdk-20\bin\net.dll
Event: 0.170 Loaded shared library C:\Program Files\Java\jdk-20\bin\nio.dll
Event: 0.195 Loaded shared library C:\Program Files\Java\jdk-20\bin\zip.dll

Deoptimization events (20 events):
Event: 0.560 Thread 0x00000244e5a0eb10 Uncommon trap: trap_request=0xffffffde fr.pc=0x00000244f55e858c relative=0x000000000000026c
Event: 0.560 Thread 0x00000244e5a0eb10 Uncommon trap: reason=class_check action=maybe_recompile pc=0x00000244f55e858c method=java.util.HashMap.getNode(Ljava/lang/Object;)Ljava/util/HashMap$Node; @ 128 c2
Event: 0.560 Thread 0x00000244e5a0eb10 DEOPT PACKING pc=0x00000244f55e858c sp=0x000000e4653fdc70
Event: 0.560 Thread 0x00000244e5a0eb10 DEOPT UNPACKING pc=0x00000244f5069d22 sp=0x000000e4653fdbd8 mode 2
Event: 0.594 Thread 0x00000244e5a0eb10 Uncommon trap: trap_request=0xffffff45 fr.pc=0x00000244f55e7ad0 relative=0x0000000000000150
Event: 0.594 Thread 0x00000244e5a0eb10 Uncommon trap: reason=unstable_if action=reinterpret pc=0x00000244f55e7ad0 method=java.util.Arrays.hashCode([B)I @ 1 c2
Event: 0.594 Thread 0x00000244e5a0eb10 DEOPT PACKING pc=0x00000244f55e7ad0 sp=0x000000e4653fded0
Event: 0.594 Thread 0x00000244e5a0eb10 DEOPT UNPACKING pc=0x00000244f5069d22 sp=0x000000e4653fde40 mode 2
Event: 0.595 Thread 0x00000244e5a0eb10 Uncommon trap: trap_request=0xffffffc6 fr.pc=0x00000244f55efcd4 relative=0x0000000000000294
Event: 0.595 Thread 0x00000244e5a0eb10 Uncommon trap: reason=bimorphic_or_optimized_type_check action=maybe_recompile pc=0x00000244f55efcd4 method=java.util.HashMap.getNode(Ljava/lang/Object;)Ljava/util/HashMap$Node; @ 128 c2
Event: 0.595 Thread 0x00000244e5a0eb10 DEOPT PACKING pc=0x00000244f55efcd4 sp=0x000000e4653fdd60
Event: 0.595 Thread 0x00000244e5a0eb10 DEOPT UNPACKING pc=0x00000244f5069d22 sp=0x000000e4653fdcd8 mode 2
Event: 0.595 Thread 0x00000244e5a0eb10 Uncommon trap: trap_request=0xffffffc6 fr.pc=0x00000244f55efcd4 relative=0x0000000000000294
Event: 0.595 Thread 0x00000244e5a0eb10 Uncommon trap: reason=bimorphic_or_optimized_type_check action=maybe_recompile pc=0x00000244f55efcd4 method=java.util.HashMap.getNode(Ljava/lang/Object;)Ljava/util/HashMap$Node; @ 128 c2
Event: 0.595 Thread 0x00000244e5a0eb10 DEOPT PACKING pc=0x00000244f55efcd4 sp=0x000000e4653fdd60
Event: 0.595 Thread 0x00000244e5a0eb10 DEOPT UNPACKING pc=0x00000244f5069d22 sp=0x000000e4653fdcd8 mode 2
Event: 0.645 Thread 0x0000024482350de0 Uncommon trap: trap_request=0xffffff45 fr.pc=0x00000244f55ea7c8 relative=0x0000000000000048
Event: 0.645 Thread 0x0000024482350de0 Uncommon trap: reason=unstable_if action=reinterpret pc=0x00000244f55ea7c8 method=java.util.concurrent.locks.AbstractQueuedSynchronizer.signalNext(Ljava/util/concurrent/locks/AbstractQueuedSynchronizer$Node;)V @ 1 c2
Event: 0.645 Thread 0x0000024482350de0 DEOPT PACKING pc=0x00000244f55ea7c8 sp=0x000000e465aff440
Event: 0.645 Thread 0x0000024482350de0 DEOPT UNPACKING pc=0x00000244f5069d22 sp=0x000000e465aff3d0 mode 2

Classes loaded (20 events):
Event: 0.560 Loading class sun/nio/fs/BasicFileAttributesHolder
Event: 0.560 Loading class sun/nio/fs/BasicFileAttributesHolder done
Event: 0.597 Loading class java/util/ComparableTimSort
Event: 0.597 Loading class java/util/ComparableTimSort done
Event: 0.599 Loading class sun/nio/fs/WindowsDirectoryStream
Event: 0.599 Loading class sun/nio/fs/WindowsDirectoryStream done
Event: 0.599 Loading class sun/nio/fs/WindowsDirectoryStream$WindowsDirectoryIterator
Event: 0.599 Loading class sun/nio/fs/WindowsDirectoryStream$WindowsDirectoryIterator done
Event: 0.599 Loading class java/nio/file/Files$2
Event: 0.599 Loading class java/nio/file/Files$2 done
Event: 0.600 Loading class java/util/ImmutableCollections$Access
Event: 0.600 Loading class java/util/ImmutableCollections$Access done
Event: 0.600 Loading class java/util/ImmutableCollections$Access$1
Event: 0.600 Loading class jdk/internal/access/JavaUtilCollectionAccess
Event: 0.600 Loading class jdk/internal/access/JavaUtilCollectionAccess done
Event: 0.600 Loading class java/util/ImmutableCollections$Access$1 done
Event: 0.600 Loading class java/util/stream/Nodes$SpinedNodeBuilder
Event: 0.600 Loading class java/util/stream/Nodes$SpinedNodeBuilder done
Event: 0.600 Loading class sun/nio/fs/WindowsPath$WindowsPathWithAttributes
Event: 0.600 Loading class sun/nio/fs/WindowsPath$WindowsPathWithAttributes done

Classes unloaded (0 events):
No events

Classes redefined (0 events):
No events

Internal exceptions (20 events):
Event: 0.198 Thread 0x00000244e5a0eb10 Exception <a 'sun/nio/fs/WindowsException'{0x0000000081fad868}> (0x0000000081fad868) 
thrown [s\open\src\hotspot\share\prims\jni.cpp, line 519]
Event: 0.198 Thread 0x00000244e5a0eb10 Exception <a 'sun/nio/fs/WindowsException'{0x0000000081fadca0}> (0x0000000081fadca0) 
thrown [s\open\src\hotspot\share\prims\jni.cpp, line 519]
Event: 0.198 Thread 0x00000244e5a0eb10 Exception <a 'sun/nio/fs/WindowsException'{0x0000000081fae0f0}> (0x0000000081fae0f0) 
thrown [s\open\src\hotspot\share\prims\jni.cpp, line 519]
Event: 0.199 Thread 0x00000244e5a0eb10 Exception <a 'sun/nio/fs/WindowsException'{0x0000000081fae520}> (0x0000000081fae520) 
thrown [s\open\src\hotspot\share\prims\jni.cpp, line 519]
Event: 0.199 Thread 0x00000244e5a0eb10 Exception <a 'sun/nio/fs/WindowsException'{0x0000000081fae968}> (0x0000000081fae968) 
thrown [s\open\src\hotspot\share\prims\jni.cpp, line 519]
Event: 0.200 Thread 0x00000244e5a0eb10 Exception <a 'sun/nio/fs/WindowsException'{0x0000000081fb1008}> (0x0000000081fb1008) 
thrown [s\open\src\hotspot\share\prims\jni.cpp, line 519]
Event: 0.211 Thread 0x00000244e5a0eb10 Exception <a 'java/lang/NoSuchMethodError'{0x00000000821015d0}: 'int java.lang.invoke.DirectMethodHandle$Holder.invokeVirtual(java.lang.Object, java.lang.Object, java.lang.Object)'> (0x00000000821015d0) 
thrown [s\open\src\hotspot\share\interpreter\linkResolver.cpp, line 773]
Event: 0.212 Thread 0x00000244e5a0eb10 Exception <a 'java/lang/NoSuchMethodError'{0x0000000082107908}: 'void java.lang.invoke.DirectMethodHandle$Holder.invokeInterface(java.lang.Object, java.lang.Object, java.lang.Object)'> (0x0000000082107908) 
thrown [s\open\src\hotspot\share\interpreter\linkResolver.cpp, line 773]
Event: 0.279 Thread 0x00000244e5a0eb10 Exception <a 'java/lang/NoSuchMethodError'{0x0000000082121ea0}: 'int java.lang.invoke.DirectMethodHandle$Holder.invokeStaticInit(java.lang.Object, java.lang.Object)'> (0x0000000082121ea0) 
thrown [s\open\src\hotspot\share\interpreter\linkResolver.cpp, line 773]
Event: 0.328 Thread 0x00000244e5a0eb10 Exception <a 'java/lang/NoSuchMethodError'{0x00000000821b9ea0}: 'int java.lang.invoke.DirectMethodHandle$Holder.invokeVirtual(java.lang.Object, java.lang.Object)'> (0x00000000821b9ea0) 
thrown [s\open\src\hotspot\share\interpreter\linkResolver.cpp, line 773]
Event: 0.333 Thread 0x00000244e5a0eb10 Exception <a 'java/lang/NoSuchMethodError'{0x00000000821e2330}: 'java.lang.Object java.lang.invoke.DirectMethodHandle$Holder.newInvokeSpecial(java.lang.Object, java.lang.Object, java.lang.Object, java.lang.Object, java.lang.Object)'> (0x00000000821e2330) 
thrown [s\open\src\hotspot\share\interpreter\linkResolver.cpp, line 773]
Event: 0.335 Thread 0x00000244e5a0eb10 Exception <a 'java/lang/NoSuchMethodError'{0x00000000821f09d8}: 'java.lang.Object java.lang.invoke.DirectMethodHandle$Holder.newInvokeSpecial(java.lang.Object, java.lang.Object, java.lang.Object, java.lang.Object, java.lang.Object, java.lang.Object)'> (0x00000000821f09d8) 
thrown [s\open\src\hotspot\share\interpreter\linkResolver.cpp, line 773]
Event: 0.351 Thread 0x00000244e5a0eb10 Exception <a 'sun/nio/fs/WindowsException'{0x000000008213e070}> (0x000000008213e070) 
thrown [s\open\src\hotspot\share\prims\jni.cpp, line 519]
Event: 0.420 Thread 0x00000244e5a0eb10 Exception <a 'sun/nio/fs/WindowsException'{0x0000000082192be0}> (0x0000000082192be0) 
thrown [s\open\src\hotspot\share\prims\jni.cpp, line 519]
Event: 0.420 Thread 0x00000244e5a0eb10 Exception <a 'sun/nio/fs/WindowsException'{0x00000000821935a8}> (0x00000000821935a8) 
thrown [s\open\src\hotspot\share\prims\jni.cpp, line 519]
Event: 0.446 Thread 0x00000244e5a0eb10 Exception <a 'java/lang/NoSuchMethodError'{0x000000008235be18}: 'java.lang.Object java.lang.invoke.DirectMethodHandle$Holder.invokeVirtual(java.lang.Object, java.lang.Object, java.lang.Object, int, int)'> (0x000000008235be18) 
thrown [s\open\src\hotspot\share\interpreter\linkResolver.cpp, line 773]
Event: 0.447 Thread 0x00000244e5a0eb10 Exception <a 'java/lang/NoSuchMethodError'{0x00000000823628b8}: 'java.lang.Object java.lang.invoke.DirectMethodHandle$Holder.invokeVirtual(java.lang.Object, java.lang.Object, int)'> (0x00000000823628b8) 
thrown [s\open\src\hotspot\share\interpreter\linkResolver.cpp, line 773]
Event: 0.451 Thread 0x00000244e5a0eb10 Exception <a 'java/lang/NoSuchMethodError'{0x000000008237fda0}: 'java.lang.Object java.lang.invoke.DirectMethodHandle$Holder.invokeSpecial(java.lang.Object, java.lang.Object, java.lang.Object, int, int)'> (0x000000008237fda0) 
thrown [s\open\src\hotspot\share\interpreter\linkResolver.cpp, line 773]
Event: 0.594 Thread 0x00000244e5a0eb10 Implicit null exception at 0x00000244f55e79a0 to 0x00000244f55e7ac2
Event: 0.597 Thread 0x00000244e5a0eb10 Exception <a 'java/lang/NoSuchMethodError'{0x000000008223f6b0}: 'void java.lang.invoke.DirectMethodHandle$Holder.invokeStatic(java.lang.Object, java.lang.Object)'> (0x000000008223f6b0) 
thrown [s\open\src\hotspot\share\interpreter\linkResolver.cpp, line 773]

VM Operations (20 events):
Event: 0.210 Executing VM operation: G1CollectForAllocation done
Event: 0.262 Executing VM operation: G1CollectForAllocation
Event: 0.264 Executing VM operation: G1CollectForAllocation done
Event: 0.337 Executing VM operation: G1CollectForAllocation
Event: 0.339 Executing VM operation: G1CollectForAllocation done
Event: 0.395 Executing VM operation: G1CollectForAllocation
Event: 0.398 Executing VM operation: G1CollectForAllocation done
Event: 0.422 Executing VM operation: HandshakeAllThreads
Event: 0.422 Executing VM operation: HandshakeAllThreads done
Event: 0.431 Executing VM operation: G1CollectForAllocation
Event: 0.433 Executing VM operation: G1CollectForAllocation done
Event: 0.506 Executing VM operation: G1CollectForAllocation
Event: 0.509 Executing VM operation: G1CollectForAllocation done
Event: 0.600 Executing VM operation: HandshakeAllThreads
Event: 0.600 Executing VM operation: HandshakeAllThreads done
Event: 0.639 Executing VM operation: G1CollectForAllocation
Event: 0.645 Executing VM operation: G1CollectForAllocation done
Event: 0.664 Executing VM operation: G1CollectForAllocation
Event: 0.666 Executing VM operation: G1CollectForAllocation done
Event: 0.697 Executing VM operation: G1CollectForAllocation

Events (12 events):
Event: 0.020 Thread 0x00000244e5a0eb10 Thread added: 0x00000244e5a0eb10
Event: 0.038 Thread 0x0000024482350de0 Thread added: 0x0000024482350de0
Event: 0.038 Thread 0x0000024482351be0 Thread added: 0x0000024482351be0
Event: 0.039 Thread 0x0000024482354280 Thread added: 0x0000024482354280
Event: 0.039 Thread 0x0000024482356cd0 Thread added: 0x0000024482356cd0
Event: 0.039 Thread 0x000002448235b640 Thread added: 0x000002448235b640
Event: 0.039 Thread 0x00000244823870f0 Thread added: 0x00000244823870f0
Event: 0.039 Thread 0x0000024482390990 Thread added: 0x0000024482390990
Event: 0.039 Thread 0x0000024482391310 Thread added: 0x0000024482391310
Event: 0.070 Thread 0x00000244868799d0 Thread added: 0x00000244868799d0
Event: 0.095 Thread 0x000002448690df50 Thread added: 0x000002448690df50
Event: 0.405 Thread 0x000002448707d0a0 Thread added: 0x000002448707d0a0


Dynamic libraries:
0x00007ff64d510000 - 0x00007ff64d518000 	C:\Program Files\Java\jdk-20\bin\javac.exe
0x00007ffe1a0b0000 - 0x00007ffe1a2a8000 	C:\Windows\SYSTEM32\ntdll.dll
0x00007ffe19720000 - 0x00007ffe197dd000 	C:\Windows\System32\KERNEL32.DLL
0x00007ffe17a40000 - 0x00007ffe17d36000 	C:\Windows\System32\KERNELBASE.dll
0x00007ffe17fa0000 - 0x00007ffe180a0000 	C:\Windows\System32\ucrtbase.dll
0x00007ffe10560000 - 0x00007ffe1057b000 	C:\Program Files\Java\jdk-20\bin\VCRUNTIME140.dll
0x00007ffdf65e0000 - 0x00007ffdf65f9000 	C:\Program Files\Java\jdk-20\bin\jli.dll
0x00007ffe18c90000 - 0x00007ffe18d3f000 	C:\Windows\System32\ADVAPI32.dll
0x00007ffe19fd0000 - 0x00007ffe1a06e000 	C:\Windows\System32\msvcrt.dll
0x00007ffe199d0000 - 0x00007ffe19a6c000 	C:\Windows\System32\sechost.dll
0x00007ffe19c20000 - 0x00007ffe19d46000 	C:\Windows\System32\RPCRT4.dll
0x00007ffe19a70000 - 0x00007ffe19c0e000 	C:\Windows\System32\USER32.dll
0x00007ffe177c0000 - 0x00007ffe177e2000 	C:\Windows\System32\win32u.dll
0x00007ffe03640000 - 0x00007ffe038da000 	C:\Windows\WinSxS\amd64_microsoft.windows.common-controls_6595b64144ccf1df_6.0.19041.3636_none_60b6a03d71f818d5\COMCTL32.dll
0x00007ffe183e0000 - 0x00007ffe1840c000 	C:\Windows\System32\GDI32.dll
0x00007ffe17df0000 - 0x00007ffe17f0a000 	C:\Windows\System32\gdi32full.dll
0x00007ffe177f0000 - 0x00007ffe1788d000 	C:\Windows\System32\msvcp_win.dll
0x00007ffe107f0000 - 0x00007ffe107fa000 	C:\Windows\SYSTEM32\VERSION.dll
0x00007ffe181a0000 - 0x00007ffe181d0000 	C:\Windows\System32\IMM32.DLL
0x00007ffe12430000 - 0x00007ffe1243c000 	C:\Program Files\Java\jdk-20\bin\vcruntime140_1.dll
0x00007ffdf2680000 - 0x00007ffdf270e000 	C:\Program Files\Java\jdk-20\bin\msvcp140.dll
0x00007ffda44f0000 - 0x00007ffda5187000 	C:\Program Files\Java\jdk-20\bin\server\jvm.dll
0x00007ffe12fd0000 - 0x00007ffe12fd9000 	C:\Windows\SYSTEM32\WSOCK32.dll
0x00007ffe07910000 - 0x00007ffe07937000 	C:\Windows\SYSTEM32\WINMM.dll
0x00007ffe190a0000 - 0x00007ffe1910b000 	C:\Windows\System32\WS2_32.dll
0x00007ffe16160000 - 0x00007ffe16172000 	C:\Windows\SYSTEM32\kernel.appcore.dll
0x00007ffe10350000 - 0x00007ffe1035a000 	C:\Program Files\Java\jdk-20\bin\jimage.dll
0x00007ffe15b20000 - 0x00007ffe15d04000 	C:\Windows\SYSTEM32\DBGHELP.DLL
0x00007ffe119d0000 - 0x00007ffe11a04000 	C:\Windows\SYSTEM32\dbgcore.DLL
0x00007ffe17f10000 - 0x00007ffe17f92000 	C:\Windows\System32\bcryptPrimitives.dll
0x00007ffdf6830000 - 0x00007ffdf6856000 	C:\Program Files\Java\jdk-20\bin\java.dll
0x00007ffdf05b0000 - 0x00007ffdf0687000 	C:\Program Files\Java\jdk-20\bin\jsvml.dll
0x00007ffe184e0000 - 0x00007ffe18c24000 	C:\Windows\System32\SHELL32.dll
0x00007ffe15380000 - 0x00007ffe15b1b000 	C:\Windows\SYSTEM32\windows.storage.dll
0x00007ffe18d40000 - 0x00007ffe19094000 	C:\Windows\System32\combase.dll
0x00007ffe17100000 - 0x00007ffe1712d000 	C:\Windows\SYSTEM32\Wldp.dll
0x00007ffe18330000 - 0x00007ffe183dd000 	C:\Windows\System32\SHCORE.dll
0x00007ffe182d0000 - 0x00007ffe18325000 	C:\Windows\System32\shlwapi.dll
0x00007ffe176c0000 - 0x00007ffe176e5000 	C:\Windows\SYSTEM32\profapi.dll
0x00007ffe057b0000 - 0x00007ffe057c3000 	C:\Program Files\Java\jdk-20\bin\net.dll
0x00007ffe11a40000 - 0x00007ffe11b4a000 	C:\Windows\SYSTEM32\WINHTTP.dll
0x00007ffe16e60000 - 0x00007ffe16eca000 	C:\Windows\system32\mswsock.dll
0x00007ffdfeb70000 - 0x00007ffdfeb86000 	C:\Program Files\Java\jdk-20\bin\nio.dll
0x00007ffdf8580000 - 0x00007ffdf8598000 	C:\Program Files\Java\jdk-20\bin\zip.dll

dbghelp: loaded successfully - version: 4.0.5 - missing functions: none
symbol engine: initialized successfully - sym options: 0x614 - pdb path: .;C:\Program Files\Java\jdk-20\bin;C:\Windows\SYSTEM32;C:\Windows\WinSxS\amd64_microsoft.windows.common-controls_6595b64144ccf1df_6.0.19041.3636_none_60b6a03d71f818d5;C:\Program Files\Java\jdk-20\bin\server

VM Arguments:
jvm_args: -Dapplication.home=C:\Program Files\Java\jdk-20 --add-modules=ALL-DEFAULT -Xms8m -Djdk.module.main=jdk.compiler 
java_command: jdk.compiler/com.sun.tools.javac.Main -d C:\Users\rafael.rocha\OneDrive\Documentos\RodosBus\Rodobus - OFICIAL\build\classes -classpath C:\Users\rafael.rocha\OneDrive\Documentos\RodosBus\Rodobus - OFICIAL\build\classes;C:\Users\rafael.rocha\OneDrive\Documentos\RodosBus\mysql-connector-j-8.1.0\mysql-connector-j-8.1.0.jar;C:\Program Files\NetBeans-17\netbeans\java\modules\ext\AbsoluteLayout.jar -sourcepath C:\Users\rafael.rocha\OneDrive\Documentos\RodosBus\Rodobus - OFICIAL\src -target 18 -encoding UTF-8 -g -processorpath C:\Users\thiago.fsantana2\Downloads\mysql-connector-j-8.1.0\mysql-connector-j-8.1.0\mysql-connector-j-8.1.0.jar;C:\Users\igor.aoliveira19\Downloads\mysql-connector-j-8.1.0\mysql-connector-j-8.1.0.jar;C:\Users\rafael.rocha\OneDrive\Área de Trabalho\mysql-connector-j-8.1.0\mysql-connector-j-8.1.0.jar;C:\Users\matheus.rmrocha\Downloads\mysql-connector-j-8.2.0.zip;C:\Users\matheus.rmrocha\Downloads\mysql-connector-j-8.2.0;C:\Users\matheus.rmrocha\Downloads\mysql-connector-j-8.2.0\mysql-connector-j-8.2.0.jar;C:\Users\rafael.rocha\Downloads\mysql-connector-j-8.2.0;C:\Users\rafael.rocha\Downloads\mysql-connector-j-8.2.0\mysql-connector-j-8.2.0.jar;C:\Users\rafael.rocha\OneDrive\Documentos\RodosBus\mysql-connector-j-8.1.0\mysql-connector-j-8.1.0.jar;C:\Program Files\NetBeans-17\netbeans\java\modules\ext\AbsoluteLayout.jar;C:\Users\rafael.rocha\OneDrive\Documentos\RodosBus\Rodobus - OFICIAL\build\empty -s C:\Users\rafael.rocha\OneDrive\Documentos\RodosBus\Rodobus - OFICIAL\build\generated-sources\ap-source-output -source 18 C:\Users\rafael.rocha\OneDrive\Documentos\RodosBus\Rodobus - OFICIAL\src\view\clientes\formPedidoRealizado.java
java_class_path (initial): <not set>
Launcher Type: SUN_STANDARD

[Global flags]
     intx CICompilerCount                          = 4                                         {product} {ergonomic}
     uint ConcGCThreads                            = 2                                         {product} {ergonomic}
     uint G1ConcRefinementThreads                  = 8                                         {product} {ergonomic}
   size_t G1HeapRegionSize                         = 1048576                                   {product} {ergonomic}
    uintx GCDrainStackTargetSize                   = 64                                        {product} {ergonomic}
   size_t InitialHeapSize                          = 8388608                                   {product} {command line}
   size_t MarkStackSize                            = 4194304                                   {product} {ergonomic}
   size_t MaxHeapSize                              = 2120220672                                {product} {ergonomic}
   size_t MaxNewSize                               = 1271922688                                {product} {ergonomic}
   size_t MinHeapDeltaBytes                        = 1048576                                   {product} {ergonomic}
   size_t MinHeapSize                              = 8388608                                   {product} {command line}
    uintx NonNMethodCodeHeapSize                   = 5839372                                {pd product} {ergonomic}
    uintx NonProfiledCodeHeapSize                  = 122909434                              {pd product} {ergonomic}
    uintx ProfiledCodeHeapSize                     = 122909434                              {pd product} {ergonomic}
    uintx ReservedCodeCacheSize                    = 251658240                              {pd product} {ergonomic}
     bool SegmentedCodeCache                       = true                                      {product} {ergonomic}
   size_t SoftMaxHeapSize                          = 2120220672                             {manageable} {ergonomic}
     bool UseCompressedClassPointers               = true                           {product lp64_product} {ergonomic}
     bool UseCompressedOops                        = true                           {product lp64_product} {ergonomic}
     bool UseG1GC                                  = true                                      {product} {ergonomic}
     bool UseLargePagesIndividualAllocation        = false                                  {pd product} {ergonomic}

Logging:
Log output configuration:
 #0: stdout all=warning uptime,level,tags foldmultilines=false
 #1: stderr all=off uptime,level,tags foldmultilines=false

Environment Variables:
PATH=C:\Program Files\Common Files\Oracle\Java\javapath;C:\Program Files (x86)\Common Files\Oracle\Java\javapath;C:\Windows\system32;C:\Windows;C:\Windows\System32\Wbem;C:\Windows\System32\WindowsPowerShell\v1.0\;C:\Windows\System32\OpenSSH\;C:\Program Files (x86)\Microsoft SQL Server\150\DTS\Binn\;C:\Program Files\Azure Data Studio\bin;C:\Program Files\nodejs\;C:\Program Files\Git\cmd;C:\Program Files\TortoiseSVN\bin;C:\Program Files\dotnet\;C:\Program Files\TortoiseGit\bin;C:\Users\rafael.rocha\AppData\Local\Microsoft\WindowsApps;C:\Users\rafael.rocha\AppData\Local\Programs\Microsoft VS Code\bin;C:\Users\rafael.rocha\AppData\Roaming\npm;C:\Users\rafael.rocha\.dotnet\tools;C:\Users\rafael.rocha\AppData\Local\GitHubDesktop\bin
USERNAME=matheus.rafael
OS=Windows_NT
PROCESSOR_IDENTIFIER=Intel64 Family 6 Model 142 Stepping 12, GenuineIntel
TMP=C:\Users\RAFAEL~1.ROC\AppData\Local\Temp
TEMP=C:\Users\RAFAEL~1.ROC\AppData\Local\Temp




---------------  S Y S T E M  ---------------

OS:
 Windows 10 , 64 bit Build 19041 (10.0.19041.3636)
OS uptime: 12 days 14:16 hours

CPU: total 8 (initial active 8) (4 cores per cpu, 2 threads per core) family 6 model 142 stepping 12 microcode 0xb8, cx8, cmov, fxsr, ht, mmx, 3dnowpref, sse, sse2, sse3, ssse3, sse4.1, sse4.2, popcnt, lzcnt, tsc, tscinvbit, avx, avx2, aes, erms, clmul, bmi1, bmi2, adx, fma, vzeroupper, clflush, clflushopt, rdtscp, f16c

Memory: 4k page, system-wide physical 8084M (439M free)
TotalPageFile size 32660M (AvailPageFile size 4M)
current process WorkingSet (physical memory assigned to process): 70M, peak: 70M
current process commit charge ("private bytes"): 107M, peak: 113M

vm_info: Java HotSpot(TM) 64-Bit Server VM (20+36-2344) for windows-amd64 JRE (20+36-2344), built on 2023-02-10T19:30:15Z by "mach5one" with MS VC++ 17.1 (VS2022)

END.
